<?xml version="1.0" encoding="UTF-8"?>
<robot generator="Robot 4.1 (Python 3.9.6 on darwin)" generated="20211028 10:28:49.854" rpa="false" schemaversion="2">
<suite id="s1" name="Webautomation" source="/Users/maicmiller/Documents/GitHub/WebAutomation-PrimeHero/tests/webautomation.robot">
<test id="s1-t1" name="Caso de Teste 02: Pesquisar produto não existente">
<kw name="Abrir navegador" library="hooks" type="SETUP">
<kw name="Open Browser" library="SeleniumLibrary">
<arg>${URL}</arg>
<arg>${BROWSER}</arg>
<doc>Opens a new browser instance to the optional ``url``.</doc>
<msg timestamp="20211028 10:28:50.241" level="INFO">Opening browser 'chrome' to base url 'http://automationpractice.com/'.</msg>
<status status="PASS" starttime="20211028 10:28:50.241" endtime="20211028 10:29:06.879"/>
</kw>
<kw name="Maximize Browser Window" library="SeleniumLibrary">
<doc>Maximizes current browser window.</doc>
<status status="PASS" starttime="20211028 10:29:06.880" endtime="20211028 10:29:07.113"/>
</kw>
<status status="PASS" starttime="20211028 10:28:50.240" endtime="20211028 10:29:07.114"/>
</kw>
<kw name="Acessar a página home do site Automation Practice" library="kws_web">
<kw name="Go To" library="SeleniumLibrary">
<arg>${URL}</arg>
<doc>Navigates the current browser window to the provided ``url``.</doc>
<msg timestamp="20211028 10:29:07.116" level="INFO">Opening url 'http://automationpractice.com/'</msg>
<status status="PASS" starttime="20211028 10:29:07.116" endtime="20211028 10:29:20.023"/>
</kw>
<kw name="Run Keyword And Return Status" library="BuiltIn">
<var>${check_element}</var>
<arg>Wait Until Page Contains Element</arg>
<arg>${HOME.TITLE_PAGE_HOME}</arg>
<arg>10s</arg>
<doc>Runs the given keyword with given arguments and returns the status as a Boolean value.</doc>
<kw name="Wait Until Page Contains Element" library="SeleniumLibrary">
<arg>${HOME.TITLE_PAGE_HOME}</arg>
<arg>10s</arg>
<doc>Waits until the element ``locator`` appears on the current page.</doc>
<kw name="Capture Page Screenshot" library="SeleniumLibrary">
<doc>Takes a screenshot of the current page and embeds it into a log file.</doc>
<msg timestamp="20211028 10:29:30.440" level="INFO" html="true">&lt;/td&gt;&lt;/tr&gt;&lt;tr&gt;&lt;td colspan="3"&gt;&lt;a href="selenium-screenshot-1.png"&gt;&lt;img src="selenium-screenshot-1.png" width="800px"&gt;&lt;/a&gt;</msg>
<status status="PASS" starttime="20211028 10:29:30.053" endtime="20211028 10:29:30.440"/>
</kw>
<msg timestamp="20211028 10:29:30.448" level="FAIL">Element 'My Store' did not appear in 10 seconds.</msg>
<status status="FAIL" starttime="20211028 10:29:20.024" endtime="20211028 10:29:30.448"/>
</kw>
<msg timestamp="20211028 10:29:30.449" level="INFO">${check_element} = False</msg>
<status status="PASS" starttime="20211028 10:29:20.023" endtime="20211028 10:29:30.449"/>
</kw>
<kw name="Run Keyword If" library="BuiltIn">
<arg>'${check_element}' == 'True'</arg>
<arg>Wait Until Element Is Visible</arg>
<arg>${HOME.CATEGORY_MENU_OPTIONS}</arg>
<doc>Runs the given keyword with the given arguments, if ``condition`` is true.</doc>
<status status="PASS" starttime="20211028 10:29:30.449" endtime="20211028 10:29:30.450"/>
</kw>
<kw name="Title Should Be" library="SeleniumLibrary">
<arg>${HOME.TITLE_PAGE_HOME}</arg>
<doc>Verifies that the current page title equals ``title``.</doc>
<msg timestamp="20211028 10:29:30.456" level="INFO">Page title is 'My Store'.</msg>
<status status="PASS" starttime="20211028 10:29:30.450" endtime="20211028 10:29:30.457"/>
</kw>
<status status="PASS" starttime="20211028 10:29:07.115" endtime="20211028 10:29:30.457"/>
</kw>
<kw name="Digitar o nome do produto &quot;itemNãoExistente&quot; no campo de pesquisa" library="kws_web" sourcename="Digitar o nome do produto &quot;${PRODUCT}&quot; no campo de pesquisa">
<kw name="Run Keyword And Return Status" library="BuiltIn">
<var>${check_element}</var>
<arg>Wait Until Page Contains Element</arg>
<arg>${HOME.SEARCH_INPUT_ID}</arg>
<arg>10s</arg>
<doc>Runs the given keyword with given arguments and returns the status as a Boolean value.</doc>
<kw name="Wait Until Page Contains Element" library="SeleniumLibrary">
<arg>${HOME.SEARCH_INPUT_ID}</arg>
<arg>10s</arg>
<doc>Waits until the element ``locator`` appears on the current page.</doc>
<status status="PASS" starttime="20211028 10:29:30.459" endtime="20211028 10:29:30.476"/>
</kw>
<msg timestamp="20211028 10:29:30.476" level="INFO">${check_element} = True</msg>
<status status="PASS" starttime="20211028 10:29:30.458" endtime="20211028 10:29:30.476"/>
</kw>
<kw name="Run Keyword If" library="BuiltIn">
<arg>'${check_element}' == 'True'</arg>
<arg>Input Text</arg>
<arg>${HOME.SEARCH_INPUT_ID}</arg>
<arg>${PRODUCT}</arg>
<doc>Runs the given keyword with the given arguments, if ``condition`` is true.</doc>
<kw name="Input Text" library="SeleniumLibrary">
<arg>${HOME.SEARCH_INPUT_ID}</arg>
<arg>${PRODUCT}</arg>
<doc>Types the given ``text`` into the text field identified by ``locator``.</doc>
<msg timestamp="20211028 10:29:30.481" level="INFO">Typing text 'itemNãoExistente' into text field 'id=search_query_top'.</msg>
<status status="PASS" starttime="20211028 10:29:30.478" endtime="20211028 10:29:30.675"/>
</kw>
<status status="PASS" starttime="20211028 10:29:30.477" endtime="20211028 10:29:30.675"/>
</kw>
<status status="PASS" starttime="20211028 10:29:30.457" endtime="20211028 10:29:30.675"/>
</kw>
<kw name="Clicar no botão pesquisar" library="kws_web">
<kw name="Click Element" library="SeleniumLibrary">
<arg>${HOME.SUBMIT_SEARCH_NAME}</arg>
<doc>Click the element identified by ``locator``.</doc>
<msg timestamp="20211028 10:29:30.678" level="INFO">Clicking element 'name=submit_search'.</msg>
<status status="PASS" starttime="20211028 10:29:30.676" endtime="20211028 10:29:37.353"/>
</kw>
<status status="PASS" starttime="20211028 10:29:30.676" endtime="20211028 10:29:37.353"/>
</kw>
<kw name="Conferir se a mensagem &quot;No results were found for your search &quot;itemNãoExistente&quot;&quot;" library="kws_web">
<kw name="Run Keyword And Return Status" library="BuiltIn">
<var>${check_element}</var>
<arg>Wait Until Page Contains Element</arg>
<arg>${SEARCH.ID_COLUMN}</arg>
<arg>10s</arg>
<doc>Runs the given keyword with given arguments and returns the status as a Boolean value.</doc>
<kw name="Wait Until Page Contains Element" library="SeleniumLibrary">
<arg>${SEARCH.ID_COLUMN}</arg>
<arg>10s</arg>
<doc>Waits until the element ``locator`` appears on the current page.</doc>
<status status="PASS" starttime="20211028 10:29:37.355" endtime="20211028 10:29:37.377"/>
</kw>
<msg timestamp="20211028 10:29:37.377" level="INFO">${check_element} = True</msg>
<status status="PASS" starttime="20211028 10:29:37.355" endtime="20211028 10:29:37.377"/>
</kw>
<kw name="Run Keyword If" library="BuiltIn">
<arg>'${check_element}' == 'True'</arg>
<arg>Wait Until Element Is Visible</arg>
<arg>${SEARCH.ALERT_WARNING}</arg>
<doc>Runs the given keyword with the given arguments, if ``condition`` is true.</doc>
<kw name="Wait Until Element Is Visible" library="SeleniumLibrary">
<arg>${SEARCH.ALERT_WARNING}</arg>
<doc>Waits until the element ``locator`` is visible.</doc>
<status status="PASS" starttime="20211028 10:29:37.379" endtime="20211028 10:29:37.436"/>
</kw>
<status status="PASS" starttime="20211028 10:29:37.378" endtime="20211028 10:29:37.436"/>
</kw>
<status status="PASS" starttime="20211028 10:29:37.354" endtime="20211028 10:29:37.437"/>
</kw>
<kw name="Fechar navegador" library="hooks" type="TEARDOWN">
<kw name="Capture Page Screenshot" library="SeleniumLibrary">
<doc>Takes a screenshot of the current page and embeds it into a log file.</doc>
<msg timestamp="20211028 10:29:37.626" level="INFO" html="true">&lt;/td&gt;&lt;/tr&gt;&lt;tr&gt;&lt;td colspan="3"&gt;&lt;a href="selenium-screenshot-2.png"&gt;&lt;img src="selenium-screenshot-2.png" width="800px"&gt;&lt;/a&gt;</msg>
<status status="PASS" starttime="20211028 10:29:37.439" endtime="20211028 10:29:37.626"/>
</kw>
<kw name="Close Browser" library="SeleniumLibrary">
<doc>Closes the current browser.</doc>
<status status="PASS" starttime="20211028 10:29:37.626" endtime="20211028 10:29:37.781"/>
</kw>
<status status="PASS" starttime="20211028 10:29:37.438" endtime="20211028 10:29:37.781"/>
</kw>
<tag>NONEXISTENT_PRODUCT</tag>
<status status="PASS" starttime="20211028 10:28:50.238" endtime="20211028 10:29:37.782"/>
</test>
<doc>Aqui consta todos os cenários de testes web.</doc>
<status status="PASS" starttime="20211028 10:28:49.856" endtime="20211028 10:29:37.785"/>
</suite>
<statistics>
<total>
<stat pass="1" fail="0" skip="0">All Tests</stat>
</total>
<tag>
<stat pass="1" fail="0" skip="0">NONEXISTENT_PRODUCT</stat>
</tag>
<suite>
<stat pass="1" fail="0" skip="0" id="s1" name="Webautomation">Webautomation</stat>
</suite>
</statistics>
<errors>
</errors>
</robot>
