<?xml version="1.0" encoding="UTF-8"?>
<robot generator="Robot 4.1 (Python 3.9.6 on darwin)" generated="20211025 07:47:23.826" rpa="false" schemaversion="2">
<suite id="s1" name="Webautomation" source="/Users/maicmiller/Documents/GitHub/WebAutomation-PrimeHero/tests/webautomation.robot">
<test id="s1-t1" name="Caso de Teste 02: Pesquisar produto não existente">
<kw name="Abrir navegador" library="kws_webautomation" type="SETUP">
<kw name="Open Browser" library="SeleniumLibrary">
<arg>browser=${BROWSER}</arg>
<doc>Opens a new browser instance to the optional ``url``.</doc>
<msg timestamp="20211025 07:47:24.184" level="INFO">Opening browser 'chrome' to base url 'None'.</msg>
<status status="PASS" starttime="20211025 07:47:24.183" endtime="20211025 07:47:26.979"/>
</kw>
<kw name="Maximize Browser Window" library="SeleniumLibrary">
<doc>Maximizes current browser window.</doc>
<status status="PASS" starttime="20211025 07:47:26.981" endtime="20211025 07:47:27.150"/>
</kw>
<status status="PASS" starttime="20211025 07:47:24.182" endtime="20211025 07:47:27.151"/>
</kw>
<kw name="Acessar a página home do site Automation Practice" library="kws_webautomation">
<kw name="Go To" library="SeleniumLibrary">
<arg>${URL}</arg>
<doc>Navigates the current browser window to the provided ``url``.</doc>
<msg timestamp="20211025 07:47:27.154" level="INFO">Opening url 'http://automationpractice.com/index.php'</msg>
<status status="PASS" starttime="20211025 07:47:27.153" endtime="20211025 07:47:31.580"/>
</kw>
<kw name="Title Should Be" library="SeleniumLibrary">
<arg>My Store</arg>
<doc>Verifies that the current page title equals ``title``.</doc>
<msg timestamp="20211025 07:47:31.588" level="INFO">Page title is 'My Store'.</msg>
<status status="PASS" starttime="20211025 07:47:31.580" endtime="20211025 07:47:31.589"/>
</kw>
<kw name="Wait Until Element Is Visible" library="SeleniumLibrary">
<arg>xpath=//*[@id="block_top_menu"]/ul</arg>
<doc>Waits until the element ``locator`` is visible.</doc>
<status status="PASS" starttime="20211025 07:47:31.589" endtime="20211025 07:47:31.654"/>
</kw>
<status status="PASS" starttime="20211025 07:47:27.152" endtime="20211025 07:47:31.654"/>
</kw>
<kw name="Digitar o nome do produto &quot;itemNãoExistente&quot; no campo de pesquisa" library="kws_webautomation" sourcename="Digitar o nome do produto &quot;${PRODUTO}&quot; no campo de pesquisa">
<kw name="Run Keyword And Return Status" library="BuiltIn">
<var>${check_element}</var>
<arg>Wait Until Page Contains Element</arg>
<arg>id=search_block_top</arg>
<arg>10s</arg>
<doc>Runs the given keyword with given arguments and returns the status as a Boolean value.</doc>
<kw name="Wait Until Page Contains Element" library="SeleniumLibrary">
<arg>id=search_block_top</arg>
<arg>10s</arg>
<doc>Waits until the element ``locator`` appears on the current page.</doc>
<status status="PASS" starttime="20211025 07:47:31.656" endtime="20211025 07:47:31.696"/>
</kw>
<msg timestamp="20211025 07:47:31.696" level="INFO">${check_element} = True</msg>
<status status="PASS" starttime="20211025 07:47:31.655" endtime="20211025 07:47:31.696"/>
</kw>
<kw name="Run Keyword If" library="BuiltIn">
<arg>'${check_element}' == 'True'</arg>
<arg>Input Text</arg>
<arg>id=search_query_top</arg>
<arg>${PRODUTO}</arg>
<doc>Runs the given keyword with the given arguments, if ``condition`` is true.</doc>
<kw name="Input Text" library="SeleniumLibrary">
<arg>id=search_query_top</arg>
<arg>${PRODUTO}</arg>
<doc>Types the given ``text`` into the text field identified by ``locator``.</doc>
<msg timestamp="20211025 07:47:31.699" level="INFO">Typing text 'itemNãoExistente' into text field 'id=search_query_top'.</msg>
<status status="PASS" starttime="20211025 07:47:31.698" endtime="20211025 07:47:31.974"/>
</kw>
<status status="PASS" starttime="20211025 07:47:31.697" endtime="20211025 07:47:31.974"/>
</kw>
<status status="PASS" starttime="20211025 07:47:31.654" endtime="20211025 07:47:31.975"/>
</kw>
<kw name="Clicar no botão pesquisar" library="kws_webautomation">
<kw name="Click Element" library="SeleniumLibrary">
<arg>name=submit_search</arg>
<doc>Click the element identified by ``locator``.</doc>
<msg timestamp="20211025 07:47:31.976" level="INFO">Clicking element 'name=submit_search'.</msg>
<status status="PASS" starttime="20211025 07:47:31.976" endtime="20211025 07:47:38.370"/>
</kw>
<status status="PASS" starttime="20211025 07:47:31.975" endtime="20211025 07:47:38.371"/>
</kw>
<kw name="Conferir se a mensagem &quot;No results were found for your search &quot;itemNãoExistente&quot;&quot;" library="kws_webautomation">
<kw name="Run Keyword And Return Status" library="BuiltIn">
<var>${check_element}</var>
<arg>Wait Until Page Contains Element</arg>
<arg>id=center_column</arg>
<arg>10s</arg>
<doc>Runs the given keyword with given arguments and returns the status as a Boolean value.</doc>
<kw name="Wait Until Page Contains Element" library="SeleniumLibrary">
<arg>id=center_column</arg>
<arg>10s</arg>
<doc>Waits until the element ``locator`` appears on the current page.</doc>
<status status="PASS" starttime="20211025 07:47:38.373" endtime="20211025 07:47:38.392"/>
</kw>
<msg timestamp="20211025 07:47:38.392" level="INFO">${check_element} = True</msg>
<status status="PASS" starttime="20211025 07:47:38.372" endtime="20211025 07:47:38.392"/>
</kw>
<kw name="Run Keyword If" library="BuiltIn">
<arg>'${check_element}' == 'True'</arg>
<arg>Wait Until Element Is Visible</arg>
<arg>xpath=//*[@id='center_column']//*[@class='alert alert-warning']</arg>
<doc>Runs the given keyword with the given arguments, if ``condition`` is true.</doc>
<kw name="Wait Until Element Is Visible" library="SeleniumLibrary">
<arg>xpath=//*[@id='center_column']//*[@class='alert alert-warning']</arg>
<doc>Waits until the element ``locator`` is visible.</doc>
<status status="PASS" starttime="20211025 07:47:38.394" endtime="20211025 07:47:38.432"/>
</kw>
<status status="PASS" starttime="20211025 07:47:38.393" endtime="20211025 07:47:38.432"/>
</kw>
<status status="PASS" starttime="20211025 07:47:38.371" endtime="20211025 07:47:38.432"/>
</kw>
<kw name="Fechar navegador" library="kws_webautomation" type="TEARDOWN">
<kw name="Capture Page Screenshot" library="SeleniumLibrary">
<doc>Takes a screenshot of the current page and embeds it into a log file.</doc>
<msg timestamp="20211025 07:47:38.663" level="INFO" html="true">&lt;/td&gt;&lt;/tr&gt;&lt;tr&gt;&lt;td colspan="3"&gt;&lt;a href="selenium-screenshot-1.png"&gt;&lt;img src="selenium-screenshot-1.png" width="800px"&gt;&lt;/a&gt;</msg>
<status status="PASS" starttime="20211025 07:47:38.434" endtime="20211025 07:47:38.663"/>
</kw>
<kw name="Close Browser" library="SeleniumLibrary">
<doc>Closes the current browser.</doc>
<status status="PASS" starttime="20211025 07:47:38.663" endtime="20211025 07:47:38.790"/>
</kw>
<status status="PASS" starttime="20211025 07:47:38.433" endtime="20211025 07:47:38.791"/>
</kw>
<tag>PRODUTO_INEXISTENTE</tag>
<status status="PASS" starttime="20211025 07:47:24.181" endtime="20211025 07:47:38.791"/>
</test>
<status status="PASS" starttime="20211025 07:47:23.828" endtime="20211025 07:47:38.794"/>
</suite>
<statistics>
<total>
<stat pass="1" fail="0" skip="0">All Tests</stat>
</total>
<tag>
<stat pass="1" fail="0" skip="0">PRODUTO_INEXISTENTE</stat>
</tag>
<suite>
<stat pass="1" fail="0" skip="0" id="s1" name="Webautomation">Webautomation</stat>
</suite>
</statistics>
<errors>
</errors>
</robot>
