<?xml version="1.0" encoding="UTF-8"?>
<robot generator="Robot 4.1 (Python 3.9.6 on darwin)" generated="20211025 07:43:09.636" rpa="false" schemaversion="2">
<suite id="s1" name="Webautomation" source="/Users/maicmiller/Documents/GitHub/WebAutomation-PrimeHero/tests/webautomation.robot">
<test id="s1-t1" name="Caso de Teste 01: Pesquisar produto existente">
<kw name="Abrir navegador" library="kws_webautomation" type="SETUP">
<kw name="Open Browser" library="SeleniumLibrary">
<arg>browser=${BROWSER}</arg>
<doc>Opens a new browser instance to the optional ``url``.</doc>
<msg timestamp="20211025 07:43:10.013" level="INFO">Opening browser 'chrome' to base url 'None'.</msg>
<status status="PASS" starttime="20211025 07:43:10.012" endtime="20211025 07:43:13.045"/>
</kw>
<kw name="Maximize Browser Window" library="SeleniumLibrary">
<doc>Maximizes current browser window.</doc>
<status status="PASS" starttime="20211025 07:43:13.046" endtime="20211025 07:43:13.221"/>
</kw>
<status status="PASS" starttime="20211025 07:43:10.011" endtime="20211025 07:43:13.222"/>
</kw>
<kw name="Acessar a página home do site Automation Practice" library="kws_webautomation">
<kw name="Go To" library="SeleniumLibrary">
<arg>${URL}</arg>
<doc>Navigates the current browser window to the provided ``url``.</doc>
<msg timestamp="20211025 07:43:13.225" level="INFO">Opening url 'http://automationpractice.com/index.php'</msg>
<status status="PASS" starttime="20211025 07:43:13.224" endtime="20211025 07:43:20.672"/>
</kw>
<kw name="Title Should Be" library="SeleniumLibrary">
<arg>My Store</arg>
<doc>Verifies that the current page title equals ``title``.</doc>
<msg timestamp="20211025 07:43:20.681" level="INFO">Page title is 'My Store'.</msg>
<status status="PASS" starttime="20211025 07:43:20.672" endtime="20211025 07:43:20.682"/>
</kw>
<kw name="Wait Until Element Is Visible" library="SeleniumLibrary">
<arg>xpath=//*[@id="block_top_menu"]/ul</arg>
<doc>Waits until the element ``locator`` is visible.</doc>
<status status="PASS" starttime="20211025 07:43:20.682" endtime="20211025 07:43:20.734"/>
</kw>
<status status="PASS" starttime="20211025 07:43:13.223" endtime="20211025 07:43:20.734"/>
</kw>
<kw name="Digitar o nome do produto &quot;Blouse&quot; no campo de pesquisa" library="kws_webautomation" sourcename="Digitar o nome do produto &quot;${PRODUTO}&quot; no campo de pesquisa">
<kw name="Run Keyword And Return Status" library="BuiltIn">
<var>${check_element}</var>
<arg>Wait Until Page Contains Element</arg>
<arg>id=search_block_top</arg>
<arg>10s</arg>
<doc>Runs the given keyword with given arguments and returns the status as a Boolean value.</doc>
<kw name="Wait Until Page Contains Element" library="SeleniumLibrary">
<arg>id=search_block_top</arg>
<arg>10s</arg>
<doc>Waits until the element ``locator`` appears on the current page.</doc>
<status status="PASS" starttime="20211025 07:43:20.737" endtime="20211025 07:43:20.777"/>
</kw>
<msg timestamp="20211025 07:43:20.777" level="INFO">${check_element} = True</msg>
<status status="PASS" starttime="20211025 07:43:20.736" endtime="20211025 07:43:20.778"/>
</kw>
<kw name="Run Keyword If" library="BuiltIn">
<arg>'${check_element}' == 'True'</arg>
<arg>Input Text</arg>
<arg>id=search_query_top</arg>
<arg>${PRODUTO}</arg>
<doc>Runs the given keyword with the given arguments, if ``condition`` is true.</doc>
<kw name="Input Text" library="SeleniumLibrary">
<arg>id=search_query_top</arg>
<arg>${PRODUTO}</arg>
<doc>Types the given ``text`` into the text field identified by ``locator``.</doc>
<msg timestamp="20211025 07:43:20.780" level="INFO">Typing text 'Blouse' into text field 'id=search_query_top'.</msg>
<status status="PASS" starttime="20211025 07:43:20.779" endtime="20211025 07:43:21.054"/>
</kw>
<status status="PASS" starttime="20211025 07:43:20.778" endtime="20211025 07:43:21.054"/>
</kw>
<status status="PASS" starttime="20211025 07:43:20.735" endtime="20211025 07:43:21.055"/>
</kw>
<kw name="Clicar no botão pesquisar" library="kws_webautomation">
<kw name="Click Element" library="SeleniumLibrary">
<arg>name=submit_search</arg>
<doc>Click the element identified by ``locator``.</doc>
<msg timestamp="20211025 07:43:21.056" level="INFO">Clicking element 'name=submit_search'.</msg>
<status status="PASS" starttime="20211025 07:43:21.056" endtime="20211025 07:43:28.388"/>
</kw>
<status status="PASS" starttime="20211025 07:43:21.055" endtime="20211025 07:43:28.388"/>
</kw>
<kw name="Conferir se o produto &quot;Blouse&quot; foi listado no site" library="kws_webautomation" sourcename="Conferir se o produto &quot;${PRODUTO}&quot; foi listado no site">
<kw name="Page Should Contain Image" library="SeleniumLibrary">
<arg>xpath=//*[@id="center_column"]//*[@src='http://automationpractice.com/img/p/7/7-home_default.jpg']</arg>
<doc>Verifies image identified by ``locator`` is found from current page.</doc>
<msg timestamp="20211025 07:43:28.419" level="INFO">Current page contains image 'xpath=//*[@id="center_column"]//*[@src='http://automationpractice.com/img/p/7/7-home_default.jpg']'.</msg>
<status status="PASS" starttime="20211025 07:43:28.390" endtime="20211025 07:43:28.419"/>
</kw>
<kw name="Title Should Be" library="SeleniumLibrary">
<arg>Search - My Store</arg>
<doc>Verifies that the current page title equals ``title``.</doc>
<msg timestamp="20211025 07:43:28.431" level="INFO">Page title is 'Search - My Store'.</msg>
<status status="PASS" starttime="20211025 07:43:28.420" endtime="20211025 07:43:28.431"/>
</kw>
<status status="PASS" starttime="20211025 07:43:28.389" endtime="20211025 07:43:28.431"/>
</kw>
<kw name="Fechar navegador" library="kws_webautomation" type="TEARDOWN">
<kw name="Capture Page Screenshot" library="SeleniumLibrary">
<doc>Takes a screenshot of the current page and embeds it into a log file.</doc>
<msg timestamp="20211025 07:43:28.674" level="INFO" html="true">&lt;/td&gt;&lt;/tr&gt;&lt;tr&gt;&lt;td colspan="3"&gt;&lt;a href="selenium-screenshot-1.png"&gt;&lt;img src="selenium-screenshot-1.png" width="800px"&gt;&lt;/a&gt;</msg>
<status status="PASS" starttime="20211025 07:43:28.433" endtime="20211025 07:43:28.674"/>
</kw>
<kw name="Close Browser" library="SeleniumLibrary">
<doc>Closes the current browser.</doc>
<status status="PASS" starttime="20211025 07:43:28.674" endtime="20211025 07:43:28.804"/>
</kw>
<status status="PASS" starttime="20211025 07:43:28.432" endtime="20211025 07:43:28.804"/>
</kw>
<tag>PRODUTO_EXISTENTE</tag>
<status status="PASS" starttime="20211025 07:43:10.010" endtime="20211025 07:43:28.804"/>
</test>
<status status="PASS" starttime="20211025 07:43:09.640" endtime="20211025 07:43:28.808"/>
</suite>
<statistics>
<total>
<stat pass="1" fail="0" skip="0">All Tests</stat>
</total>
<tag>
<stat pass="1" fail="0" skip="0">PRODUTO_EXISTENTE</stat>
</tag>
<suite>
<stat pass="1" fail="0" skip="0" id="s1" name="Webautomation">Webautomation</stat>
</suite>
</statistics>
<errors>
</errors>
</robot>
