<?xml version="1.0" encoding="UTF-8"?>
<robot generator="Robot 4.1 (Python 3.9.6 on darwin)" generated="20211028 15:11:00.458" rpa="false" schemaversion="2">
<suite id="s1" name="Webautomation" source="/Users/maicmiller/Documents/GitHub/WebAutomation-PrimeHero/tests/webautomation.robot">
<test id="s1-t1" name="Caso de teste06: Comprar um produto">
<kw name="Abrir navegador" library="hooks" type="SETUP">
<kw name="Open Browser" library="SeleniumLibrary">
<arg>${URL}</arg>
<arg>${BROWSER}</arg>
<doc>Opens a new browser instance to the optional ``url``.</doc>
<msg timestamp="20211028 15:11:00.867" level="INFO">Opening browser 'chrome' to base url 'http://automationpractice.com/'.</msg>
<status status="PASS" starttime="20211028 15:11:00.866" endtime="20211028 15:11:09.782"/>
</kw>
<kw name="Maximize Browser Window" library="SeleniumLibrary">
<doc>Maximizes current browser window.</doc>
<status status="PASS" starttime="20211028 15:11:09.782" endtime="20211028 15:11:09.944"/>
</kw>
<status status="PASS" starttime="20211028 15:11:00.865" endtime="20211028 15:11:09.944"/>
</kw>
<kw name="Acessar a página home do site Automation Practice" library="kws_web">
<kw name="Go To" library="SeleniumLibrary">
<arg>${URL}</arg>
<doc>Navigates the current browser window to the provided ``url``.</doc>
<msg timestamp="20211028 15:11:09.946" level="INFO">Opening url 'http://automationpractice.com/'</msg>
<status status="PASS" starttime="20211028 15:11:09.945" endtime="20211028 15:11:10.097"/>
</kw>
<kw name="Run Keyword And Return Status" library="BuiltIn">
<var>${check_element}</var>
<arg>Wait Until Page Contains Element</arg>
<arg>${HOME.TITLE_PAGE_HOME}</arg>
<arg>10s</arg>
<doc>Runs the given keyword with given arguments and returns the status as a Boolean value.</doc>
<kw name="Wait Until Page Contains Element" library="SeleniumLibrary">
<arg>${HOME.TITLE_PAGE_HOME}</arg>
<arg>10s</arg>
<doc>Waits until the element ``locator`` appears on the current page.</doc>
<kw name="Capture Page Screenshot" library="SeleniumLibrary">
<doc>Takes a screenshot of the current page and embeds it into a log file.</doc>
<msg timestamp="20211028 15:11:20.414" level="INFO" html="true">&lt;/td&gt;&lt;/tr&gt;&lt;tr&gt;&lt;td colspan="3"&gt;&lt;a href="selenium-screenshot-6.png"&gt;&lt;img src="selenium-screenshot-6.png" width="800px"&gt;&lt;/a&gt;</msg>
<status status="PASS" starttime="20211028 15:11:20.280" endtime="20211028 15:11:20.414"/>
</kw>
<msg timestamp="20211028 15:11:20.421" level="FAIL">Element 'My Store' did not appear in 10 seconds.</msg>
<status status="FAIL" starttime="20211028 15:11:10.098" endtime="20211028 15:11:20.421"/>
</kw>
<msg timestamp="20211028 15:11:20.421" level="INFO">${check_element} = False</msg>
<status status="PASS" starttime="20211028 15:11:10.097" endtime="20211028 15:11:20.421"/>
</kw>
<kw name="Run Keyword If" library="BuiltIn">
<arg>'${check_element}' == 'True'</arg>
<arg>Wait Until Element Is Visible</arg>
<arg>${HOME.CATEGORY_MENU_OPTIONS}</arg>
<doc>Runs the given keyword with the given arguments, if ``condition`` is true.</doc>
<status status="PASS" starttime="20211028 15:11:20.422" endtime="20211028 15:11:20.422"/>
</kw>
<kw name="Title Should Be" library="SeleniumLibrary">
<arg>${HOME.TITLE_PAGE_HOME}</arg>
<doc>Verifies that the current page title equals ``title``.</doc>
<kw name="Capture Page Screenshot" library="SeleniumLibrary">
<doc>Takes a screenshot of the current page and embeds it into a log file.</doc>
<msg timestamp="20211028 15:11:20.550" level="INFO" html="true">&lt;/td&gt;&lt;/tr&gt;&lt;tr&gt;&lt;td colspan="3"&gt;&lt;a href="selenium-screenshot-7.png"&gt;&lt;img src="selenium-screenshot-7.png" width="800px"&gt;&lt;/a&gt;</msg>
<status status="PASS" starttime="20211028 15:11:20.429" endtime="20211028 15:11:20.550"/>
</kw>
<msg timestamp="20211028 15:11:20.555" level="FAIL">Title should have been 'My Store' but was '508 Resource Limit Is Reached'.</msg>
<status status="FAIL" starttime="20211028 15:11:20.422" endtime="20211028 15:11:20.555"/>
</kw>
<status status="FAIL" starttime="20211028 15:11:09.944" endtime="20211028 15:11:20.556"/>
</kw>
<kw name="Clicar em &quot;Sign in&quot;" library="kws_web">
<status status="NOT RUN" starttime="20211028 15:11:20.557" endtime="20211028 15:11:20.557"/>
</kw>
<kw name="Informar o e-mail cadastrado" library="kws_web">
<status status="NOT RUN" starttime="20211028 15:11:20.558" endtime="20211028 15:11:20.558"/>
</kw>
<kw name="Informar a senha cadastrada" library="kws_web">
<status status="NOT RUN" starttime="20211028 15:11:20.558" endtime="20211028 15:11:20.558"/>
</kw>
<kw name="Submeter autenticação" library="kws_web">
<status status="NOT RUN" starttime="20211028 15:11:20.559" endtime="20211028 15:11:20.559"/>
</kw>
<kw name="Conferir se a autenticação foi realizada com sucesso" library="kws_web">
<status status="NOT RUN" starttime="20211028 15:11:20.559" endtime="20211028 15:11:20.559"/>
</kw>
<kw name="Acessar a página home do site Automation Practice" library="kws_web">
<status status="NOT RUN" starttime="20211028 15:11:20.560" endtime="20211028 15:11:20.560"/>
</kw>
<kw name="Passar o mouse por cima da categoria &quot;Woman&quot; no menu principal superior de categorias" library="kws_web">
<status status="NOT RUN" starttime="20211028 15:11:20.561" endtime="20211028 15:11:20.561"/>
</kw>
<kw name="Clicar na sub categoria &quot;Summer Dresses&quot;" library="kws_web">
<status status="NOT RUN" starttime="20211028 15:11:20.562" endtime="20211028 15:11:20.562"/>
</kw>
<kw name="Conferir se os produtos da sub-categoria &quot;Summer Dresses&quot; foram mostrados na página" library="kws_web">
<status status="NOT RUN" starttime="20211028 15:11:20.563" endtime="20211028 15:11:20.563"/>
</kw>
<kw name="Adicionar o produto no carrinho" library="kws_web">
<status status="NOT RUN" starttime="20211028 15:11:20.563" endtime="20211028 15:11:20.564"/>
</kw>
<kw name="Escolher metodo de pagamento" library="kws_web">
<status status="NOT RUN" starttime="20211028 15:11:20.564" endtime="20211028 15:11:20.564"/>
</kw>
<kw name="Confirmar a ordem de pagamento" library="kws_web">
<status status="NOT RUN" starttime="20211028 15:11:20.565" endtime="20211028 15:11:20.565"/>
</kw>
<kw name="Visualizar a ordem na lista de ordens" library="kws_web">
<status status="NOT RUN" starttime="20211028 15:11:20.565" endtime="20211028 15:11:20.565"/>
</kw>
<kw name="Fechar navegador" library="hooks" type="TEARDOWN">
<kw name="Capture Page Screenshot" library="SeleniumLibrary">
<doc>Takes a screenshot of the current page and embeds it into a log file.</doc>
<msg timestamp="20211028 15:11:20.728" level="INFO" html="true">&lt;/td&gt;&lt;/tr&gt;&lt;tr&gt;&lt;td colspan="3"&gt;&lt;a href="selenium-screenshot-8.png"&gt;&lt;img src="selenium-screenshot-8.png" width="800px"&gt;&lt;/a&gt;</msg>
<status status="PASS" starttime="20211028 15:11:20.568" endtime="20211028 15:11:20.728"/>
</kw>
<kw name="Close Browser" library="SeleniumLibrary">
<doc>Closes the current browser.</doc>
<status status="PASS" starttime="20211028 15:11:20.729" endtime="20211028 15:11:20.850"/>
</kw>
<status status="PASS" starttime="20211028 15:11:20.566" endtime="20211028 15:11:20.851"/>
</kw>
<tag>BUY_A_PRODUCT</tag>
<status status="FAIL" starttime="20211028 15:11:00.863" endtime="20211028 15:11:20.852">Title should have been 'My Store' but was '508 Resource Limit Is Reached'.</status>
</test>
<doc>Aqui consta todos os cenários de testes web.</doc>
<status status="FAIL" starttime="20211028 15:11:00.462" endtime="20211028 15:11:20.856"/>
</suite>
<statistics>
<total>
<stat pass="0" fail="1" skip="0">All Tests</stat>
</total>
<tag>
<stat pass="0" fail="1" skip="0">BUY_A_PRODUCT</stat>
</tag>
<suite>
<stat pass="0" fail="1" skip="0" id="s1" name="Webautomation">Webautomation</stat>
</suite>
</statistics>
<errors>
</errors>
</robot>
