<?xml version="1.0" encoding="UTF-8"?>
<robot generator="Robot 4.1 (Python 3.9.6 on darwin)" generated="20211025 07:54:23.276" rpa="false" schemaversion="2">
<suite id="s1" name="Webautomation" source="/Users/maicmiller/Documents/GitHub/WebAutomation-PrimeHero/tests/webautomation.robot">
<test id="s1-t1" name="Caso de teste 04: Adicionar Cliente">
<kw name="Abrir navegador" library="kws_webautomation" type="SETUP">
<kw name="Open Browser" library="SeleniumLibrary">
<arg>browser=${BROWSER}</arg>
<doc>Opens a new browser instance to the optional ``url``.</doc>
<msg timestamp="20211025 07:54:23.645" level="INFO">Opening browser 'chrome' to base url 'None'.</msg>
<status status="PASS" starttime="20211025 07:54:23.644" endtime="20211025 07:54:26.590"/>
</kw>
<kw name="Maximize Browser Window" library="SeleniumLibrary">
<doc>Maximizes current browser window.</doc>
<status status="PASS" starttime="20211025 07:54:26.591" endtime="20211025 07:54:26.778"/>
</kw>
<status status="PASS" starttime="20211025 07:54:23.643" endtime="20211025 07:54:26.778"/>
</kw>
<kw name="Acessar a página home do site Automation Practice" library="kws_webautomation">
<kw name="Go To" library="SeleniumLibrary">
<arg>${URL}</arg>
<doc>Navigates the current browser window to the provided ``url``.</doc>
<msg timestamp="20211025 07:54:26.780" level="INFO">Opening url 'http://automationpractice.com/index.php'</msg>
<status status="PASS" starttime="20211025 07:54:26.780" endtime="20211025 07:54:29.327"/>
</kw>
<kw name="Title Should Be" library="SeleniumLibrary">
<arg>My Store</arg>
<doc>Verifies that the current page title equals ``title``.</doc>
<msg timestamp="20211025 07:54:29.340" level="INFO">Page title is 'My Store'.</msg>
<status status="PASS" starttime="20211025 07:54:29.327" endtime="20211025 07:54:29.341"/>
</kw>
<kw name="Wait Until Element Is Visible" library="SeleniumLibrary">
<arg>xpath=//*[@id="block_top_menu"]/ul</arg>
<doc>Waits until the element ``locator`` is visible.</doc>
<status status="PASS" starttime="20211025 07:54:29.341" endtime="20211025 07:54:29.402"/>
</kw>
<status status="PASS" starttime="20211025 07:54:26.779" endtime="20211025 07:54:29.402"/>
</kw>
<kw name="Clicar em &quot;Sign in&quot;" library="kws_webautomation">
<kw name="Click Element" library="SeleniumLibrary">
<arg>xpath=//*[@class='nav']//*[@class='login']</arg>
<doc>Click the element identified by ``locator``.</doc>
<msg timestamp="20211025 07:54:29.405" level="INFO">Clicking element 'xpath=//*[@class='nav']//*[@class='login']'.</msg>
<status status="PASS" starttime="20211025 07:54:29.403" endtime="20211025 07:54:30.921"/>
</kw>
<status status="PASS" starttime="20211025 07:54:29.402" endtime="20211025 07:54:30.921"/>
</kw>
<kw name="informar um e-mail válido" library="kws_webautomation">
<kw name="Wait Until Element Is Visible" library="SeleniumLibrary">
<arg>id=create-account_form</arg>
<doc>Waits until the element ``locator`` is visible.</doc>
<status status="PASS" starttime="20211025 07:54:30.923" endtime="20211025 07:54:31.308"/>
</kw>
<kw name="Input Text" library="SeleniumLibrary">
<arg>id=email_create</arg>
<arg>johnmayerContinuum20010@fender.com</arg>
<doc>Types the given ``text`` into the text field identified by ``locator``.</doc>
<msg timestamp="20211025 07:54:31.309" level="INFO">Typing text 'johnmayerContinuum20010@fender.com' into text field 'id=email_create'.</msg>
<status status="PASS" starttime="20211025 07:54:31.308" endtime="20211025 07:54:31.572"/>
</kw>
<status status="PASS" starttime="20211025 07:54:30.922" endtime="20211025 07:54:31.573"/>
</kw>
<kw name="Clicar em &quot;Create an account&quot;" library="kws_webautomation">
<kw name="Click Button" library="SeleniumLibrary">
<arg>id=SubmitCreate</arg>
<doc>Clicks the button identified by ``locator``.</doc>
<msg timestamp="20211025 07:54:31.574" level="INFO">Clicking button 'id=SubmitCreate'.</msg>
<status status="PASS" starttime="20211025 07:54:31.574" endtime="20211025 07:54:31.703"/>
</kw>
<status status="PASS" starttime="20211025 07:54:31.573" endtime="20211025 07:54:31.704"/>
</kw>
<kw name="Preencher os dados obrigatórios" library="kws_webautomation">
<kw name="Run Keyword And Return Status" library="BuiltIn">
<var>${check_element}</var>
<arg>Wait Until Page Contains Element</arg>
<arg>id=account-creation_form</arg>
<arg>10s</arg>
<doc>Runs the given keyword with given arguments and returns the status as a Boolean value.</doc>
<kw name="Wait Until Page Contains Element" library="SeleniumLibrary">
<arg>id=account-creation_form</arg>
<arg>10s</arg>
<doc>Waits until the element ``locator`` appears on the current page.</doc>
<status status="PASS" starttime="20211025 07:54:31.706" endtime="20211025 07:54:33.007"/>
</kw>
<msg timestamp="20211025 07:54:33.008" level="INFO">${check_element} = True</msg>
<status status="PASS" starttime="20211025 07:54:31.705" endtime="20211025 07:54:33.008"/>
</kw>
<kw name="Run Keyword If" library="BuiltIn">
<arg>'${check_element}' == 'True'</arg>
<arg>Click Element</arg>
<arg>id=id_gender1</arg>
<doc>Runs the given keyword with the given arguments, if ``condition`` is true.</doc>
<kw name="Click Element" library="SeleniumLibrary">
<arg>id=id_gender1</arg>
<doc>Click the element identified by ``locator``.</doc>
<msg timestamp="20211025 07:54:33.010" level="INFO">Clicking element 'id=id_gender1'.</msg>
<status status="PASS" starttime="20211025 07:54:33.010" endtime="20211025 07:54:33.095"/>
</kw>
<status status="PASS" starttime="20211025 07:54:33.008" endtime="20211025 07:54:33.095"/>
</kw>
<kw name="Input Text" library="SeleniumLibrary">
<arg>xpath=//*[@id='customer_firstname']</arg>
<arg>John</arg>
<doc>Types the given ``text`` into the text field identified by ``locator``.</doc>
<msg timestamp="20211025 07:54:33.096" level="INFO">Typing text 'John' into text field 'xpath=//*[@id='customer_firstname']'.</msg>
<status status="PASS" starttime="20211025 07:54:33.095" endtime="20211025 07:54:33.269"/>
</kw>
<kw name="Input Text" library="SeleniumLibrary">
<arg>xpath=//*[@id='customer_lastname']</arg>
<arg>Mayer</arg>
<doc>Types the given ``text`` into the text field identified by ``locator``.</doc>
<msg timestamp="20211025 07:54:33.270" level="INFO">Typing text 'Mayer' into text field 'xpath=//*[@id='customer_lastname']'.</msg>
<status status="PASS" starttime="20211025 07:54:33.270" endtime="20211025 07:54:33.430"/>
</kw>
<kw name="Input Text" library="SeleniumLibrary">
<arg>xpath=//*[@id='passwd']</arg>
<arg>0o9i8u7y</arg>
<doc>Types the given ``text`` into the text field identified by ``locator``.</doc>
<msg timestamp="20211025 07:54:33.430" level="INFO">Typing text '0o9i8u7y' into text field 'xpath=//*[@id='passwd']'.</msg>
<status status="PASS" starttime="20211025 07:54:33.430" endtime="20211025 07:54:33.700"/>
</kw>
<kw name="Click Element" library="SeleniumLibrary">
<arg>id=days</arg>
<doc>Click the element identified by ``locator``.</doc>
<msg timestamp="20211025 07:54:33.700" level="INFO">Clicking element 'id=days'.</msg>
<status status="PASS" starttime="20211025 07:54:33.700" endtime="20211025 07:54:33.840"/>
</kw>
<kw name="Click Element" library="SeleniumLibrary">
<arg>xpath=//option[contains(text(), '16')]</arg>
<doc>Click the element identified by ``locator``.</doc>
<msg timestamp="20211025 07:54:33.841" level="INFO">Clicking element 'xpath=//option[contains(text(), '16')]'.</msg>
<status status="PASS" starttime="20211025 07:54:33.840" endtime="20211025 07:54:34.184"/>
</kw>
<kw name="Click Element" library="SeleniumLibrary">
<arg>id=months</arg>
<doc>Click the element identified by ``locator``.</doc>
<msg timestamp="20211025 07:54:34.185" level="INFO">Clicking element 'id=months'.</msg>
<status status="PASS" starttime="20211025 07:54:34.184" endtime="20211025 07:54:34.523"/>
</kw>
<kw name="Click Element" library="SeleniumLibrary">
<arg>xpath=//option[contains(text(), 'October')]</arg>
<doc>Click the element identified by ``locator``.</doc>
<msg timestamp="20211025 07:54:34.524" level="INFO">Clicking element 'xpath=//option[contains(text(), 'October')]'.</msg>
<status status="PASS" starttime="20211025 07:54:34.523" endtime="20211025 07:54:34.856"/>
</kw>
<kw name="Click Element" library="SeleniumLibrary">
<arg>id=years</arg>
<doc>Click the element identified by ``locator``.</doc>
<msg timestamp="20211025 07:54:34.857" level="INFO">Clicking element 'id=years'.</msg>
<status status="PASS" starttime="20211025 07:54:34.856" endtime="20211025 07:54:35.204"/>
</kw>
<kw name="Click Element" library="SeleniumLibrary">
<arg>xpath=//option[contains(text(), '1977')]</arg>
<doc>Click the element identified by ``locator``.</doc>
<msg timestamp="20211025 07:54:35.205" level="INFO">Clicking element 'xpath=//option[contains(text(), '1977')]'.</msg>
<status status="PASS" starttime="20211025 07:54:35.204" endtime="20211025 07:54:35.557"/>
</kw>
<kw name="Click Element" library="SeleniumLibrary">
<arg>id=newsletter</arg>
<doc>Click the element identified by ``locator``.</doc>
<msg timestamp="20211025 07:54:35.558" level="INFO">Clicking element 'id=newsletter'.</msg>
<status status="PASS" starttime="20211025 07:54:35.557" endtime="20211025 07:54:35.875"/>
</kw>
<kw name="Click Element" library="SeleniumLibrary">
<arg>id=optin</arg>
<doc>Click the element identified by ``locator``.</doc>
<msg timestamp="20211025 07:54:35.876" level="INFO">Clicking element 'id=optin'.</msg>
<status status="PASS" starttime="20211025 07:54:35.876" endtime="20211025 07:54:35.947"/>
</kw>
<kw name="Input Text" library="SeleniumLibrary">
<arg>id=company</arg>
<arg>Prime Control</arg>
<doc>Types the given ``text`` into the text field identified by ``locator``.</doc>
<msg timestamp="20211025 07:54:35.948" level="INFO">Typing text 'Prime Control' into text field 'id=company'.</msg>
<status status="PASS" starttime="20211025 07:54:35.948" endtime="20211025 07:54:36.112"/>
</kw>
<kw name="Input Text" library="SeleniumLibrary">
<arg>id=address1</arg>
<arg>100 Congress Ave, Austin, TX 78701</arg>
<doc>Types the given ``text`` into the text field identified by ``locator``.</doc>
<msg timestamp="20211025 07:54:36.113" level="INFO">Typing text '100 Congress Ave, Austin, TX 78701' into text field 'id=address1'.</msg>
<status status="PASS" starttime="20211025 07:54:36.113" endtime="20211025 07:54:36.354"/>
</kw>
<kw name="Input Text" library="SeleniumLibrary">
<arg>id=address2</arg>
<arg>12396 Grant St, Thornton, CO 80241, Estados Unidos</arg>
<doc>Types the given ``text`` into the text field identified by ``locator``.</doc>
<msg timestamp="20211025 07:54:36.355" level="INFO">Typing text '12396 Grant St, Thornton, CO 80241, Estados Unidos' into text field 'id=address2'.</msg>
<status status="PASS" starttime="20211025 07:54:36.354" endtime="20211025 07:54:36.625"/>
</kw>
<kw name="Input Text" library="SeleniumLibrary">
<arg>id=city</arg>
<arg>Estados Unidos</arg>
<doc>Types the given ``text`` into the text field identified by ``locator``.</doc>
<msg timestamp="20211025 07:54:36.626" level="INFO">Typing text 'Estados Unidos' into text field 'id=city'.</msg>
<status status="PASS" starttime="20211025 07:54:36.625" endtime="20211025 07:54:36.811"/>
</kw>
<kw name="Click Element" library="SeleniumLibrary">
<arg>id=id_state</arg>
<doc>Click the element identified by ``locator``.</doc>
<msg timestamp="20211025 07:54:36.812" level="INFO">Clicking element 'id=id_state'.</msg>
<status status="PASS" starttime="20211025 07:54:36.811" endtime="20211025 07:54:36.928"/>
</kw>
<kw name="Click Element" library="SeleniumLibrary">
<arg>xpath=//option[contains(text(), 'Washington')]</arg>
<doc>Click the element identified by ``locator``.</doc>
<msg timestamp="20211025 07:54:36.929" level="INFO">Clicking element 'xpath=//option[contains(text(), 'Washington')]'.</msg>
<status status="PASS" starttime="20211025 07:54:36.929" endtime="20211025 07:54:37.286"/>
</kw>
<kw name="Input Text" library="SeleniumLibrary">
<arg>id=postcode</arg>
<arg>80241</arg>
<doc>Types the given ``text`` into the text field identified by ``locator``.</doc>
<msg timestamp="20211025 07:54:37.287" level="INFO">Typing text '80241' into text field 'id=postcode'.</msg>
<status status="PASS" starttime="20211025 07:54:37.286" endtime="20211025 07:54:37.664"/>
</kw>
<kw name="Input Text" library="SeleniumLibrary">
<arg>id=other</arg>
<arg>born October 16, 1977, Bridgeport, Connecticut, U.S.</arg>
<doc>Types the given ``text`` into the text field identified by ``locator``.</doc>
<msg timestamp="20211025 07:54:37.665" level="INFO">Typing text 'born October 16, 1977, Bridgeport, Connecticut, U.S.' into text field 'id=other'.</msg>
<status status="PASS" starttime="20211025 07:54:37.664" endtime="20211025 07:54:37.907"/>
</kw>
<kw name="Input Text" library="SeleniumLibrary">
<arg>id=phone</arg>
<arg>+12125650000</arg>
<doc>Types the given ``text`` into the text field identified by ``locator``.</doc>
<msg timestamp="20211025 07:54:37.909" level="INFO">Typing text '+12125650000' into text field 'id=phone'.</msg>
<status status="PASS" starttime="20211025 07:54:37.908" endtime="20211025 07:54:38.061"/>
</kw>
<kw name="Input Text" library="SeleniumLibrary">
<arg>id=phone_mobile</arg>
<arg>(808) 266-1222</arg>
<doc>Types the given ``text`` into the text field identified by ``locator``.</doc>
<msg timestamp="20211025 07:54:38.062" level="INFO">Typing text '(808) 266-1222' into text field 'id=phone_mobile'.</msg>
<status status="PASS" starttime="20211025 07:54:38.062" endtime="20211025 07:54:38.224"/>
</kw>
<kw name="Input Text" library="SeleniumLibrary">
<arg>id=alias</arg>
<arg>Nova Iorque, Nova York, EUA</arg>
<doc>Types the given ``text`` into the text field identified by ``locator``.</doc>
<msg timestamp="20211025 07:54:38.225" level="INFO">Typing text 'Nova Iorque, Nova York, EUA' into text field 'id=alias'.</msg>
<status status="PASS" starttime="20211025 07:54:38.225" endtime="20211025 07:54:38.433"/>
</kw>
<status status="PASS" starttime="20211025 07:54:31.704" endtime="20211025 07:54:38.433"/>
</kw>
<kw name="Submeter cadastro" library="kws_webautomation">
<kw name="Click Button" library="SeleniumLibrary">
<arg>id=submitAccount</arg>
<doc>Clicks the button identified by ``locator``.</doc>
<msg timestamp="20211025 07:54:38.436" level="INFO">Clicking button 'id=submitAccount'.</msg>
<status status="PASS" starttime="20211025 07:54:38.435" endtime="20211025 07:54:43.947"/>
</kw>
<status status="PASS" starttime="20211025 07:54:38.434" endtime="20211025 07:54:43.947"/>
</kw>
<kw name="Conferir se o cadastro foi efetuado com sucesso" library="kws_webautomation">
<kw name="Run Keyword And Return Status" library="BuiltIn">
<var>${check_element}</var>
<arg>Wait Until Page Contains Element</arg>
<arg>xpath=//div[@class='header_user_info']</arg>
<arg>10s</arg>
<doc>Runs the given keyword with given arguments and returns the status as a Boolean value.</doc>
<kw name="Wait Until Page Contains Element" library="SeleniumLibrary">
<arg>xpath=//div[@class='header_user_info']</arg>
<arg>10s</arg>
<doc>Waits until the element ``locator`` appears on the current page.</doc>
<status status="PASS" starttime="20211025 07:54:43.950" endtime="20211025 07:54:43.977"/>
</kw>
<msg timestamp="20211025 07:54:43.977" level="INFO">${check_element} = True</msg>
<status status="PASS" starttime="20211025 07:54:43.949" endtime="20211025 07:54:43.977"/>
</kw>
<kw name="Run Keyword If" library="BuiltIn">
<arg>'${check_element}' == 'True'</arg>
<arg>Wait Until Element Is Visible</arg>
<arg>xpath=//div[@class='header_user_info']</arg>
<doc>Runs the given keyword with the given arguments, if ``condition`` is true.</doc>
<kw name="Wait Until Element Is Visible" library="SeleniumLibrary">
<arg>xpath=//div[@class='header_user_info']</arg>
<doc>Waits until the element ``locator`` is visible.</doc>
<status status="PASS" starttime="20211025 07:54:43.978" endtime="20211025 07:54:44.007"/>
</kw>
<status status="PASS" starttime="20211025 07:54:43.978" endtime="20211025 07:54:44.007"/>
</kw>
<kw name="Get Text" library="SeleniumLibrary">
<var>${USER}</var>
<arg>xpath=//div[@class='header_user_info']//span[contains(text(),'John Mayer')]</arg>
<doc>Returns the text value of the element identified by ``locator``.</doc>
<msg timestamp="20211025 07:54:44.055" level="INFO">${USER} = John Mayer</msg>
<status status="PASS" starttime="20211025 07:54:44.008" endtime="20211025 07:54:44.055"/>
</kw>
<kw name="Run Keyword And Return Status" library="BuiltIn">
<var>${check_element}</var>
<arg>Wait Until Page Contains Element</arg>
<arg>xpath=//div[@class='header_user_info']</arg>
<arg>10s</arg>
<doc>Runs the given keyword with given arguments and returns the status as a Boolean value.</doc>
<kw name="Wait Until Page Contains Element" library="SeleniumLibrary">
<arg>xpath=//div[@class='header_user_info']</arg>
<arg>10s</arg>
<doc>Waits until the element ``locator`` appears on the current page.</doc>
<status status="PASS" starttime="20211025 07:54:44.056" endtime="20211025 07:54:44.071"/>
</kw>
<msg timestamp="20211025 07:54:44.072" level="INFO">${check_element} = True</msg>
<status status="PASS" starttime="20211025 07:54:44.055" endtime="20211025 07:54:44.072"/>
</kw>
<kw name="Run Keyword If" library="BuiltIn">
<arg>'${check_element}' == 'True'</arg>
<arg>Should Be Equal</arg>
<arg>John Mayer</arg>
<arg>${USER}</arg>
<doc>Runs the given keyword with the given arguments, if ``condition`` is true.</doc>
<kw name="Should Be Equal" library="BuiltIn">
<arg>John Mayer</arg>
<arg>${USER}</arg>
<doc>Fails if the given objects are unequal.</doc>
<status status="PASS" starttime="20211025 07:54:44.073" endtime="20211025 07:54:44.074"/>
</kw>
<status status="PASS" starttime="20211025 07:54:44.072" endtime="20211025 07:54:44.074"/>
</kw>
<status status="PASS" starttime="20211025 07:54:43.948" endtime="20211025 07:54:44.075"/>
</kw>
<kw name="Fechar navegador" library="kws_webautomation" type="TEARDOWN">
<kw name="Capture Page Screenshot" library="SeleniumLibrary">
<doc>Takes a screenshot of the current page and embeds it into a log file.</doc>
<msg timestamp="20211025 07:54:44.408" level="INFO" html="true">&lt;/td&gt;&lt;/tr&gt;&lt;tr&gt;&lt;td colspan="3"&gt;&lt;a href="selenium-screenshot-1.png"&gt;&lt;img src="selenium-screenshot-1.png" width="800px"&gt;&lt;/a&gt;</msg>
<status status="PASS" starttime="20211025 07:54:44.077" endtime="20211025 07:54:44.408"/>
</kw>
<kw name="Close Browser" library="SeleniumLibrary">
<doc>Closes the current browser.</doc>
<status status="PASS" starttime="20211025 07:54:44.409" endtime="20211025 07:54:44.560"/>
</kw>
<status status="PASS" starttime="20211025 07:54:44.076" endtime="20211025 07:54:44.560"/>
</kw>
<tag>ADICIONAR_CLIENTE</tag>
<status status="PASS" starttime="20211025 07:54:23.642" endtime="20211025 07:54:44.561"/>
</test>
<status status="PASS" starttime="20211025 07:54:23.279" endtime="20211025 07:54:44.564"/>
</suite>
<statistics>
<total>
<stat pass="1" fail="0" skip="0">All Tests</stat>
</total>
<tag>
<stat pass="1" fail="0" skip="0">ADICIONAR_CLIENTE</stat>
</tag>
<suite>
<stat pass="1" fail="0" skip="0" id="s1" name="Webautomation">Webautomation</stat>
</suite>
</statistics>
<errors>
</errors>
</robot>
