<?xml version="1.0" encoding="UTF-8"?>
<robot generator="Robot 4.1 (Python 3.9.6 on darwin)" generated="20211022 14:36:12.495" rpa="false" schemaversion="2">
<suite id="s1" name="Webautomation" source="/Users/maicmiller/Documents/GitHub/WebAutomation-PrimeHero/tests/webautomation.robot">
<test id="s1-t1" name="Caso de Teste 01: Pesquisar produto existente">
<kw name="Abrir navegador" library="kws_webautomation" type="SETUP">
<kw name="Open Browser" library="SeleniumLibrary">
<arg>browser=${BROWSER}</arg>
<doc>Opens a new browser instance to the optional ``url``.</doc>
<msg timestamp="20211022 14:36:12.906" level="INFO">Opening browser 'chrome' to base url 'None'.</msg>
<status status="PASS" starttime="20211022 14:36:12.905" endtime="20211022 14:36:15.936"/>
</kw>
<kw name="Maximize Browser Window" library="SeleniumLibrary">
<doc>Maximizes current browser window.</doc>
<status status="PASS" starttime="20211022 14:36:15.938" endtime="20211022 14:36:16.094"/>
</kw>
<status status="PASS" starttime="20211022 14:36:12.905" endtime="20211022 14:36:16.095"/>
</kw>
<kw name="Acessar a página home do site Automation Practice" library="kws_webautomation">
<kw name="Go To" library="SeleniumLibrary">
<arg>${URL}</arg>
<doc>Navigates the current browser window to the provided ``url``.</doc>
<msg timestamp="20211022 14:36:16.098" level="INFO">Opening url 'http://automationpractice.com/index.php'</msg>
<status status="PASS" starttime="20211022 14:36:16.097" endtime="20211022 14:36:18.907"/>
</kw>
<kw name="Title Should Be" library="SeleniumLibrary">
<arg>My Store</arg>
<doc>Verifies that the current page title equals ``title``.</doc>
<msg timestamp="20211022 14:36:18.918" level="INFO">Page title is 'My Store'.</msg>
<status status="PASS" starttime="20211022 14:36:18.908" endtime="20211022 14:36:18.919"/>
</kw>
<kw name="Wait Until Element Is Visible" library="SeleniumLibrary">
<arg>xpath=//*[@id="block_top_menu"]/ul</arg>
<doc>Waits until the element ``locator`` is visible.</doc>
<status status="PASS" starttime="20211022 14:36:18.919" endtime="20211022 14:36:18.967"/>
</kw>
<status status="PASS" starttime="20211022 14:36:16.096" endtime="20211022 14:36:18.968"/>
</kw>
<kw name="Digitar o nome do produto &quot;Blouse&quot; no campo de pesquisa" library="kws_webautomation" sourcename="Digitar o nome do produto &quot;${PRODUTO}&quot; no campo de pesquisa">
<kw name="Run Keyword And Return Status" library="BuiltIn">
<var>${check_element}</var>
<arg>Wait Until Page Contains Element</arg>
<arg>id=search_block_top</arg>
<arg>10s</arg>
<doc>Runs the given keyword with given arguments and returns the status as a Boolean value.</doc>
<kw name="Wait Until Page Contains Element" library="SeleniumLibrary">
<arg>id=search_block_top</arg>
<arg>10s</arg>
<doc>Waits until the element ``locator`` appears on the current page.</doc>
<status status="PASS" starttime="20211022 14:36:18.970" endtime="20211022 14:36:18.990"/>
</kw>
<msg timestamp="20211022 14:36:18.991" level="INFO">${check_element} = True</msg>
<status status="PASS" starttime="20211022 14:36:18.969" endtime="20211022 14:36:18.991"/>
</kw>
<kw name="Run Keyword If" library="BuiltIn">
<arg>'${check_element}' == 'True'</arg>
<arg>Input Text</arg>
<arg>id=search_query_top</arg>
<arg>${PRODUTO}</arg>
<doc>Runs the given keyword with the given arguments, if ``condition`` is true.</doc>
<kw name="Input Text" library="SeleniumLibrary">
<arg>id=search_query_top</arg>
<arg>${PRODUTO}</arg>
<doc>Types the given ``text`` into the text field identified by ``locator``.</doc>
<msg timestamp="20211022 14:36:18.993" level="INFO">Typing text 'Blouse' into text field 'id=search_query_top'.</msg>
<status status="PASS" starttime="20211022 14:36:18.992" endtime="20211022 14:36:19.246"/>
</kw>
<status status="PASS" starttime="20211022 14:36:18.991" endtime="20211022 14:36:19.246"/>
</kw>
<status status="PASS" starttime="20211022 14:36:18.968" endtime="20211022 14:36:19.246"/>
</kw>
<kw name="Clicar no botão pesquisar" library="kws_webautomation">
<kw name="Click Element" library="SeleniumLibrary">
<arg>name=submit_search</arg>
<doc>Click the element identified by ``locator``.</doc>
<msg timestamp="20211022 14:36:19.250" level="INFO">Clicking element 'name=submit_search'.</msg>
<status status="PASS" starttime="20211022 14:36:19.248" endtime="20211022 14:36:20.280"/>
</kw>
<status status="PASS" starttime="20211022 14:36:19.247" endtime="20211022 14:36:20.281"/>
</kw>
<kw name="Conferir se o produto &quot;Blouse&quot; foi listado no site" library="kws_webautomation" sourcename="Conferir se o produto &quot;${PRODUTO}&quot; foi listado no site">
<kw name="Page Should Contain Image" library="SeleniumLibrary">
<arg>xpath=//*[@id="center_column"]//*[@src='http://automationpractice.com/img/p/7/7-home_default.jpg']</arg>
<doc>Verifies image identified by ``locator`` is found from current page.</doc>
<msg timestamp="20211022 14:36:20.305" level="INFO">Current page contains image 'xpath=//*[@id="center_column"]//*[@src='http://automationpractice.com/img/p/7/7-home_default.jpg']'.</msg>
<status status="PASS" starttime="20211022 14:36:20.281" endtime="20211022 14:36:20.305"/>
</kw>
<kw name="Title Should Be" library="SeleniumLibrary">
<arg>Search - My Store</arg>
<doc>Verifies that the current page title equals ``title``.</doc>
<msg timestamp="20211022 14:36:20.311" level="INFO">Page title is 'Search - My Store'.</msg>
<status status="PASS" starttime="20211022 14:36:20.305" endtime="20211022 14:36:20.311"/>
</kw>
<status status="PASS" starttime="20211022 14:36:20.281" endtime="20211022 14:36:20.311"/>
</kw>
<kw name="Fechar navegador" library="kws_webautomation" type="TEARDOWN">
<kw name="Capture Page Screenshot" library="SeleniumLibrary">
<doc>Takes a screenshot of the current page and embeds it into a log file.</doc>
<msg timestamp="20211022 14:36:20.551" level="INFO" html="true">&lt;/td&gt;&lt;/tr&gt;&lt;tr&gt;&lt;td colspan="3"&gt;&lt;a href="selenium-screenshot-1.png"&gt;&lt;img src="selenium-screenshot-1.png" width="800px"&gt;&lt;/a&gt;</msg>
<status status="PASS" starttime="20211022 14:36:20.313" endtime="20211022 14:36:20.551"/>
</kw>
<kw name="Close Browser" library="SeleniumLibrary">
<doc>Closes the current browser.</doc>
<status status="PASS" starttime="20211022 14:36:20.552" endtime="20211022 14:36:20.660"/>
</kw>
<status status="PASS" starttime="20211022 14:36:20.312" endtime="20211022 14:36:20.661"/>
</kw>
<tag>PRODUTO_EXISTENTE</tag>
<status status="PASS" starttime="20211022 14:36:12.903" endtime="20211022 14:36:20.662"/>
</test>
<test id="s1-t2" name="Caso de Teste 02: Pesquisar produto não existente">
<kw name="Abrir navegador" library="kws_webautomation" type="SETUP">
<kw name="Open Browser" library="SeleniumLibrary">
<arg>browser=${BROWSER}</arg>
<doc>Opens a new browser instance to the optional ``url``.</doc>
<msg timestamp="20211022 14:36:20.667" level="INFO">Opening browser 'chrome' to base url 'None'.</msg>
<status status="PASS" starttime="20211022 14:36:20.667" endtime="20211022 14:36:23.280"/>
</kw>
<kw name="Maximize Browser Window" library="SeleniumLibrary">
<doc>Maximizes current browser window.</doc>
<status status="PASS" starttime="20211022 14:36:23.280" endtime="20211022 14:36:23.470"/>
</kw>
<status status="PASS" starttime="20211022 14:36:20.666" endtime="20211022 14:36:23.471"/>
</kw>
<kw name="Acessar a página home do site Automation Practice" library="kws_webautomation">
<kw name="Go To" library="SeleniumLibrary">
<arg>${URL}</arg>
<doc>Navigates the current browser window to the provided ``url``.</doc>
<msg timestamp="20211022 14:36:23.476" level="INFO">Opening url 'http://automationpractice.com/index.php'</msg>
<status status="PASS" starttime="20211022 14:36:23.475" endtime="20211022 14:36:27.646"/>
</kw>
<kw name="Title Should Be" library="SeleniumLibrary">
<arg>My Store</arg>
<doc>Verifies that the current page title equals ``title``.</doc>
<msg timestamp="20211022 14:36:27.656" level="INFO">Page title is 'My Store'.</msg>
<status status="PASS" starttime="20211022 14:36:27.646" endtime="20211022 14:36:27.656"/>
</kw>
<kw name="Wait Until Element Is Visible" library="SeleniumLibrary">
<arg>xpath=//*[@id="block_top_menu"]/ul</arg>
<doc>Waits until the element ``locator`` is visible.</doc>
<status status="PASS" starttime="20211022 14:36:27.656" endtime="20211022 14:36:27.695"/>
</kw>
<status status="PASS" starttime="20211022 14:36:23.473" endtime="20211022 14:36:27.696"/>
</kw>
<kw name="Digitar o nome do produto &quot;itemNãoExistente&quot; no campo de pesquisa" library="kws_webautomation" sourcename="Digitar o nome do produto &quot;${PRODUTO}&quot; no campo de pesquisa">
<kw name="Run Keyword And Return Status" library="BuiltIn">
<var>${check_element}</var>
<arg>Wait Until Page Contains Element</arg>
<arg>id=search_block_top</arg>
<arg>10s</arg>
<doc>Runs the given keyword with given arguments and returns the status as a Boolean value.</doc>
<kw name="Wait Until Page Contains Element" library="SeleniumLibrary">
<arg>id=search_block_top</arg>
<arg>10s</arg>
<doc>Waits until the element ``locator`` appears on the current page.</doc>
<status status="PASS" starttime="20211022 14:36:27.697" endtime="20211022 14:36:27.717"/>
</kw>
<msg timestamp="20211022 14:36:27.717" level="INFO">${check_element} = True</msg>
<status status="PASS" starttime="20211022 14:36:27.697" endtime="20211022 14:36:27.717"/>
</kw>
<kw name="Run Keyword If" library="BuiltIn">
<arg>'${check_element}' == 'True'</arg>
<arg>Input Text</arg>
<arg>id=search_query_top</arg>
<arg>${PRODUTO}</arg>
<doc>Runs the given keyword with the given arguments, if ``condition`` is true.</doc>
<kw name="Input Text" library="SeleniumLibrary">
<arg>id=search_query_top</arg>
<arg>${PRODUTO}</arg>
<doc>Types the given ``text`` into the text field identified by ``locator``.</doc>
<msg timestamp="20211022 14:36:27.720" level="INFO">Typing text 'itemNãoExistente' into text field 'id=search_query_top'.</msg>
<status status="PASS" starttime="20211022 14:36:27.719" endtime="20211022 14:36:27.975"/>
</kw>
<status status="PASS" starttime="20211022 14:36:27.718" endtime="20211022 14:36:27.975"/>
</kw>
<status status="PASS" starttime="20211022 14:36:27.696" endtime="20211022 14:36:27.975"/>
</kw>
<kw name="Clicar no botão pesquisar" library="kws_webautomation">
<kw name="Click Element" library="SeleniumLibrary">
<arg>name=submit_search</arg>
<doc>Click the element identified by ``locator``.</doc>
<msg timestamp="20211022 14:36:27.977" level="INFO">Clicking element 'name=submit_search'.</msg>
<status status="PASS" starttime="20211022 14:36:27.977" endtime="20211022 14:36:28.969"/>
</kw>
<status status="PASS" starttime="20211022 14:36:27.976" endtime="20211022 14:36:28.970"/>
</kw>
<kw name="Conferir se a mensagem &quot;No results were found for your search &quot;itemNãoExistente&quot;&quot;" library="kws_webautomation">
<kw name="Run Keyword And Return Status" library="BuiltIn">
<var>${check_element}</var>
<arg>Wait Until Page Contains Element</arg>
<arg>id=center_column</arg>
<arg>10s</arg>
<doc>Runs the given keyword with given arguments and returns the status as a Boolean value.</doc>
<kw name="Wait Until Page Contains Element" library="SeleniumLibrary">
<arg>id=center_column</arg>
<arg>10s</arg>
<doc>Waits until the element ``locator`` appears on the current page.</doc>
<status status="PASS" starttime="20211022 14:36:28.973" endtime="20211022 14:36:28.990"/>
</kw>
<msg timestamp="20211022 14:36:28.990" level="INFO">${check_element} = True</msg>
<status status="PASS" starttime="20211022 14:36:28.972" endtime="20211022 14:36:28.990"/>
</kw>
<kw name="Run Keyword If" library="BuiltIn">
<arg>'${check_element}' == 'True'</arg>
<arg>Wait Until Element Is Visible</arg>
<arg>xpath=//*[@id='center_column']//*[@class='alert alert-warning']</arg>
<doc>Runs the given keyword with the given arguments, if ``condition`` is true.</doc>
<kw name="Wait Until Element Is Visible" library="SeleniumLibrary">
<arg>xpath=//*[@id='center_column']//*[@class='alert alert-warning']</arg>
<doc>Waits until the element ``locator`` is visible.</doc>
<status status="PASS" starttime="20211022 14:36:28.991" endtime="20211022 14:36:29.023"/>
</kw>
<status status="PASS" starttime="20211022 14:36:28.991" endtime="20211022 14:36:29.024"/>
</kw>
<status status="PASS" starttime="20211022 14:36:28.971" endtime="20211022 14:36:29.024"/>
</kw>
<kw name="Fechar navegador" library="kws_webautomation" type="TEARDOWN">
<kw name="Capture Page Screenshot" library="SeleniumLibrary">
<doc>Takes a screenshot of the current page and embeds it into a log file.</doc>
<msg timestamp="20211022 14:36:29.232" level="INFO" html="true">&lt;/td&gt;&lt;/tr&gt;&lt;tr&gt;&lt;td colspan="3"&gt;&lt;a href="selenium-screenshot-2.png"&gt;&lt;img src="selenium-screenshot-2.png" width="800px"&gt;&lt;/a&gt;</msg>
<status status="PASS" starttime="20211022 14:36:29.025" endtime="20211022 14:36:29.232"/>
</kw>
<kw name="Close Browser" library="SeleniumLibrary">
<doc>Closes the current browser.</doc>
<status status="PASS" starttime="20211022 14:36:29.232" endtime="20211022 14:36:29.336"/>
</kw>
<status status="PASS" starttime="20211022 14:36:29.024" endtime="20211022 14:36:29.336"/>
</kw>
<tag>PRODUTO_INEXISTENTE</tag>
<status status="PASS" starttime="20211022 14:36:20.665" endtime="20211022 14:36:29.336"/>
</test>
<test id="s1-t3" name="Caso de teste 03: Listar Produtos">
<kw name="Abrir navegador" library="kws_webautomation" type="SETUP">
<kw name="Open Browser" library="SeleniumLibrary">
<arg>browser=${BROWSER}</arg>
<doc>Opens a new browser instance to the optional ``url``.</doc>
<msg timestamp="20211022 14:36:29.342" level="INFO">Opening browser 'chrome' to base url 'None'.</msg>
<status status="PASS" starttime="20211022 14:36:29.341" endtime="20211022 14:36:31.959"/>
</kw>
<kw name="Maximize Browser Window" library="SeleniumLibrary">
<doc>Maximizes current browser window.</doc>
<status status="PASS" starttime="20211022 14:36:31.960" endtime="20211022 14:36:32.135"/>
</kw>
<status status="PASS" starttime="20211022 14:36:29.340" endtime="20211022 14:36:32.135"/>
</kw>
<kw name="Acessar a página home do site Automation Practice" library="kws_webautomation">
<kw name="Go To" library="SeleniumLibrary">
<arg>${URL}</arg>
<doc>Navigates the current browser window to the provided ``url``.</doc>
<msg timestamp="20211022 14:36:32.140" level="INFO">Opening url 'http://automationpractice.com/index.php'</msg>
<status status="PASS" starttime="20211022 14:36:32.139" endtime="20211022 14:36:34.521"/>
</kw>
<kw name="Title Should Be" library="SeleniumLibrary">
<arg>My Store</arg>
<doc>Verifies that the current page title equals ``title``.</doc>
<msg timestamp="20211022 14:36:34.530" level="INFO">Page title is 'My Store'.</msg>
<status status="PASS" starttime="20211022 14:36:34.522" endtime="20211022 14:36:34.530"/>
</kw>
<kw name="Wait Until Element Is Visible" library="SeleniumLibrary">
<arg>xpath=//*[@id="block_top_menu"]/ul</arg>
<doc>Waits until the element ``locator`` is visible.</doc>
<status status="PASS" starttime="20211022 14:36:34.530" endtime="20211022 14:36:34.569"/>
</kw>
<status status="PASS" starttime="20211022 14:36:32.138" endtime="20211022 14:36:34.570"/>
</kw>
<kw name="Passar o mouse por cima da categoria &quot;Woman&quot; no menu principal superior de categorias" library="kws_webautomation">
<kw name="Mouse Over" library="SeleniumLibrary">
<arg>xpath=//*[@id='block_top_menu']//*[@href="http://automationpractice.com/index.php?id_category=3&amp;controller=category"]</arg>
<doc>Simulates hovering the mouse over the element ``locator``.</doc>
<msg timestamp="20211022 14:36:34.571" level="INFO">Simulating Mouse Over on element 'xpath=//*[@id='block_top_menu']//*[@href="http://automationpractice.com/index.php?id_category=3&amp;controller=category"]'.</msg>
<status status="PASS" starttime="20211022 14:36:34.571" endtime="20211022 14:36:34.893"/>
</kw>
<status status="PASS" starttime="20211022 14:36:34.570" endtime="20211022 14:36:34.893"/>
</kw>
<kw name="Clicar na sub categoria &quot;Summer Dresses&quot;" library="kws_webautomation">
<kw name="Click Element" library="SeleniumLibrary">
<arg>xpath=//*[@id='block_top_menu']//*[@href="http://automationpractice.com/index.php?id_category=11&amp;controller=category"]</arg>
<doc>Click the element identified by ``locator``.</doc>
<msg timestamp="20211022 14:36:34.894" level="INFO">Clicking element 'xpath=//*[@id='block_top_menu']//*[@href="http://automationpractice.com/index.php?id_category=11&amp;controller=category"]'.</msg>
<status status="PASS" starttime="20211022 14:36:34.894" endtime="20211022 14:36:36.330"/>
</kw>
<status status="PASS" starttime="20211022 14:36:34.893" endtime="20211022 14:36:36.330"/>
</kw>
<kw name="Conferir se os produtos da sub-categoria &quot;Summer Dresses&quot; foram mostrados na página" library="kws_webautomation">
<kw name="Run Keyword And Return Status" library="BuiltIn">
<var>${check_element}</var>
<arg>Wait Until Page Contains Element</arg>
<arg>id=account-creation_form</arg>
<arg>10s</arg>
<doc>Runs the given keyword with given arguments and returns the status as a Boolean value.</doc>
<kw name="Wait Until Page Contains Element" library="SeleniumLibrary">
<arg>id=account-creation_form</arg>
<arg>10s</arg>
<doc>Waits until the element ``locator`` appears on the current page.</doc>
<kw name="Capture Page Screenshot" library="SeleniumLibrary">
<doc>Takes a screenshot of the current page and embeds it into a log file.</doc>
<msg timestamp="20211022 14:36:46.752" level="INFO" html="true">&lt;/td&gt;&lt;/tr&gt;&lt;tr&gt;&lt;td colspan="3"&gt;&lt;a href="selenium-screenshot-3.png"&gt;&lt;img src="selenium-screenshot-3.png" width="800px"&gt;&lt;/a&gt;</msg>
<status status="PASS" starttime="20211022 14:36:46.422" endtime="20211022 14:36:46.752"/>
</kw>
<msg timestamp="20211022 14:36:46.760" level="FAIL">Element 'id=account-creation_form' did not appear in 10 seconds.</msg>
<status status="FAIL" starttime="20211022 14:36:36.332" endtime="20211022 14:36:46.760"/>
</kw>
<msg timestamp="20211022 14:36:46.760" level="INFO">${check_element} = False</msg>
<status status="PASS" starttime="20211022 14:36:36.331" endtime="20211022 14:36:46.761"/>
</kw>
<kw name="Run Keyword If" library="BuiltIn">
<arg>'${check_element}' == 'True'</arg>
<arg>Title Should Be</arg>
<arg>Summer Dresses - My Store</arg>
<doc>Runs the given keyword with the given arguments, if ``condition`` is true.</doc>
<status status="PASS" starttime="20211022 14:36:46.761" endtime="20211022 14:36:46.761"/>
</kw>
<status status="PASS" starttime="20211022 14:36:36.331" endtime="20211022 14:36:46.762"/>
</kw>
<kw name="Fechar navegador" library="kws_webautomation" type="TEARDOWN">
<kw name="Capture Page Screenshot" library="SeleniumLibrary">
<doc>Takes a screenshot of the current page and embeds it into a log file.</doc>
<msg timestamp="20211022 14:36:47.071" level="INFO" html="true">&lt;/td&gt;&lt;/tr&gt;&lt;tr&gt;&lt;td colspan="3"&gt;&lt;a href="selenium-screenshot-4.png"&gt;&lt;img src="selenium-screenshot-4.png" width="800px"&gt;&lt;/a&gt;</msg>
<status status="PASS" starttime="20211022 14:36:46.763" endtime="20211022 14:36:47.072"/>
</kw>
<kw name="Close Browser" library="SeleniumLibrary">
<doc>Closes the current browser.</doc>
<status status="PASS" starttime="20211022 14:36:47.072" endtime="20211022 14:36:47.219"/>
</kw>
<status status="PASS" starttime="20211022 14:36:46.762" endtime="20211022 14:36:47.220"/>
</kw>
<tag>LISTAR_PRODUTOS</tag>
<status status="PASS" starttime="20211022 14:36:29.338" endtime="20211022 14:36:47.220"/>
</test>
<test id="s1-t4" name="Caso de teste 04: Adicionar Cliente">
<kw name="Abrir navegador" library="kws_webautomation" type="SETUP">
<kw name="Open Browser" library="SeleniumLibrary">
<arg>browser=${BROWSER}</arg>
<doc>Opens a new browser instance to the optional ``url``.</doc>
<msg timestamp="20211022 14:36:47.224" level="INFO">Opening browser 'chrome' to base url 'None'.</msg>
<status status="PASS" starttime="20211022 14:36:47.223" endtime="20211022 14:36:49.816"/>
</kw>
<kw name="Maximize Browser Window" library="SeleniumLibrary">
<doc>Maximizes current browser window.</doc>
<status status="PASS" starttime="20211022 14:36:49.816" endtime="20211022 14:36:49.985"/>
</kw>
<status status="PASS" starttime="20211022 14:36:47.222" endtime="20211022 14:36:49.986"/>
</kw>
<kw name="Acessar a página home do site Automation Practice" library="kws_webautomation">
<kw name="Go To" library="SeleniumLibrary">
<arg>${URL}</arg>
<doc>Navigates the current browser window to the provided ``url``.</doc>
<msg timestamp="20211022 14:36:49.990" level="INFO">Opening url 'http://automationpractice.com/index.php'</msg>
<status status="PASS" starttime="20211022 14:36:49.989" endtime="20211022 14:36:52.585"/>
</kw>
<kw name="Title Should Be" library="SeleniumLibrary">
<arg>My Store</arg>
<doc>Verifies that the current page title equals ``title``.</doc>
<msg timestamp="20211022 14:36:52.598" level="INFO">Page title is 'My Store'.</msg>
<status status="PASS" starttime="20211022 14:36:52.586" endtime="20211022 14:36:52.598"/>
</kw>
<kw name="Wait Until Element Is Visible" library="SeleniumLibrary">
<arg>xpath=//*[@id="block_top_menu"]/ul</arg>
<doc>Waits until the element ``locator`` is visible.</doc>
<status status="PASS" starttime="20211022 14:36:52.598" endtime="20211022 14:36:52.645"/>
</kw>
<status status="PASS" starttime="20211022 14:36:49.987" endtime="20211022 14:36:52.645"/>
</kw>
<kw name="Clicar em &quot;Sign in&quot;" library="kws_webautomation">
<kw name="Click Element" library="SeleniumLibrary">
<arg>xpath=//*[@class='nav']//*[@class='login']</arg>
<doc>Click the element identified by ``locator``.</doc>
<msg timestamp="20211022 14:36:52.646" level="INFO">Clicking element 'xpath=//*[@class='nav']//*[@class='login']'.</msg>
<status status="PASS" starttime="20211022 14:36:52.646" endtime="20211022 14:36:54.000"/>
</kw>
<status status="PASS" starttime="20211022 14:36:52.645" endtime="20211022 14:36:54.000"/>
</kw>
<kw name="informar um e-mail válido" library="kws_webautomation">
<kw name="Wait Until Element Is Visible" library="SeleniumLibrary">
<arg>id=create-account_form</arg>
<doc>Waits until the element ``locator`` is visible.</doc>
<status status="PASS" starttime="20211022 14:36:54.001" endtime="20211022 14:36:54.048"/>
</kw>
<kw name="Input Text" library="SeleniumLibrary">
<arg>id=email_create</arg>
<arg>johnmayerContinuum2009@fender.com</arg>
<doc>Types the given ``text`` into the text field identified by ``locator``.</doc>
<msg timestamp="20211022 14:36:54.049" level="INFO">Typing text 'johnmayerContinuum2009@fender.com' into text field 'id=email_create'.</msg>
<status status="PASS" starttime="20211022 14:36:54.049" endtime="20211022 14:36:54.298"/>
</kw>
<status status="PASS" starttime="20211022 14:36:54.001" endtime="20211022 14:36:54.298"/>
</kw>
<kw name="Clicar em &quot;Create an account&quot;" library="kws_webautomation">
<kw name="Click Button" library="SeleniumLibrary">
<arg>id=SubmitCreate</arg>
<doc>Clicks the button identified by ``locator``.</doc>
<msg timestamp="20211022 14:36:54.299" level="INFO">Clicking button 'id=SubmitCreate'.</msg>
<status status="PASS" starttime="20211022 14:36:54.299" endtime="20211022 14:36:54.408"/>
</kw>
<status status="PASS" starttime="20211022 14:36:54.298" endtime="20211022 14:36:54.408"/>
</kw>
<kw name="Preencher os dados obrigatórios" library="kws_webautomation">
<kw name="Run Keyword And Return Status" library="BuiltIn">
<var>${check_element}</var>
<arg>Wait Until Page Contains Element</arg>
<arg>id=account-creation_form</arg>
<arg>10s</arg>
<doc>Runs the given keyword with given arguments and returns the status as a Boolean value.</doc>
<kw name="Wait Until Page Contains Element" library="SeleniumLibrary">
<arg>id=account-creation_form</arg>
<arg>10s</arg>
<doc>Waits until the element ``locator`` appears on the current page.</doc>
<status status="PASS" starttime="20211022 14:36:54.409" endtime="20211022 14:36:55.720"/>
</kw>
<msg timestamp="20211022 14:36:55.720" level="INFO">${check_element} = True</msg>
<status status="PASS" starttime="20211022 14:36:54.409" endtime="20211022 14:36:55.720"/>
</kw>
<kw name="Run Keyword If" library="BuiltIn">
<arg>'${check_element}' == 'True'</arg>
<arg>Click Element</arg>
<arg>id=id_gender1</arg>
<doc>Runs the given keyword with the given arguments, if ``condition`` is true.</doc>
<kw name="Click Element" library="SeleniumLibrary">
<arg>id=id_gender1</arg>
<doc>Click the element identified by ``locator``.</doc>
<msg timestamp="20211022 14:36:55.721" level="INFO">Clicking element 'id=id_gender1'.</msg>
<status status="PASS" starttime="20211022 14:36:55.721" endtime="20211022 14:36:55.804"/>
</kw>
<status status="PASS" starttime="20211022 14:36:55.720" endtime="20211022 14:36:55.805"/>
</kw>
<kw name="Input Text" library="SeleniumLibrary">
<arg>xpath=//*[@id='customer_firstname']</arg>
<arg>John</arg>
<doc>Types the given ``text`` into the text field identified by ``locator``.</doc>
<msg timestamp="20211022 14:36:55.805" level="INFO">Typing text 'John' into text field 'xpath=//*[@id='customer_firstname']'.</msg>
<status status="PASS" starttime="20211022 14:36:55.805" endtime="20211022 14:36:55.973"/>
</kw>
<kw name="Input Text" library="SeleniumLibrary">
<arg>xpath=//*[@id='customer_lastname']</arg>
<arg>Mayer</arg>
<doc>Types the given ``text`` into the text field identified by ``locator``.</doc>
<msg timestamp="20211022 14:36:55.973" level="INFO">Typing text 'Mayer' into text field 'xpath=//*[@id='customer_lastname']'.</msg>
<status status="PASS" starttime="20211022 14:36:55.973" endtime="20211022 14:36:56.135"/>
</kw>
<kw name="Input Text" library="SeleniumLibrary">
<arg>xpath=//*[@id='passwd']</arg>
<arg>0o9i8u7y</arg>
<doc>Types the given ``text`` into the text field identified by ``locator``.</doc>
<msg timestamp="20211022 14:36:56.136" level="INFO">Typing text '0o9i8u7y' into text field 'xpath=//*[@id='passwd']'.</msg>
<status status="PASS" starttime="20211022 14:36:56.136" endtime="20211022 14:36:56.435"/>
</kw>
<kw name="Click Element" library="SeleniumLibrary">
<arg>id=days</arg>
<doc>Click the element identified by ``locator``.</doc>
<msg timestamp="20211022 14:36:56.437" level="INFO">Clicking element 'id=days'.</msg>
<status status="PASS" starttime="20211022 14:36:56.436" endtime="20211022 14:36:56.553"/>
</kw>
<kw name="Click Element" library="SeleniumLibrary">
<arg>xpath=//option[contains(text(), '16')]</arg>
<doc>Click the element identified by ``locator``.</doc>
<msg timestamp="20211022 14:36:56.554" level="INFO">Clicking element 'xpath=//option[contains(text(), '16')]'.</msg>
<status status="PASS" starttime="20211022 14:36:56.553" endtime="20211022 14:36:56.890"/>
</kw>
<kw name="Click Element" library="SeleniumLibrary">
<arg>id=months</arg>
<doc>Click the element identified by ``locator``.</doc>
<msg timestamp="20211022 14:36:56.891" level="INFO">Clicking element 'id=months'.</msg>
<status status="PASS" starttime="20211022 14:36:56.891" endtime="20211022 14:36:57.220"/>
</kw>
<kw name="Click Element" library="SeleniumLibrary">
<arg>xpath=//option[contains(text(), 'October')]</arg>
<doc>Click the element identified by ``locator``.</doc>
<msg timestamp="20211022 14:36:57.220" level="INFO">Clicking element 'xpath=//option[contains(text(), 'October')]'.</msg>
<status status="PASS" starttime="20211022 14:36:57.220" endtime="20211022 14:36:57.540"/>
</kw>
<kw name="Click Element" library="SeleniumLibrary">
<arg>id=years</arg>
<doc>Click the element identified by ``locator``.</doc>
<msg timestamp="20211022 14:36:57.541" level="INFO">Clicking element 'id=years'.</msg>
<status status="PASS" starttime="20211022 14:36:57.540" endtime="20211022 14:36:57.875"/>
</kw>
<kw name="Click Element" library="SeleniumLibrary">
<arg>xpath=//option[contains(text(), '1977')]</arg>
<doc>Click the element identified by ``locator``.</doc>
<msg timestamp="20211022 14:36:57.875" level="INFO">Clicking element 'xpath=//option[contains(text(), '1977')]'.</msg>
<status status="PASS" starttime="20211022 14:36:57.875" endtime="20211022 14:36:58.223"/>
</kw>
<kw name="Click Element" library="SeleniumLibrary">
<arg>id=newsletter</arg>
<doc>Click the element identified by ``locator``.</doc>
<msg timestamp="20211022 14:36:58.224" level="INFO">Clicking element 'id=newsletter'.</msg>
<status status="PASS" starttime="20211022 14:36:58.223" endtime="20211022 14:36:58.533"/>
</kw>
<kw name="Click Element" library="SeleniumLibrary">
<arg>id=optin</arg>
<doc>Click the element identified by ``locator``.</doc>
<msg timestamp="20211022 14:36:58.534" level="INFO">Clicking element 'id=optin'.</msg>
<status status="PASS" starttime="20211022 14:36:58.533" endtime="20211022 14:36:58.606"/>
</kw>
<kw name="Input Text" library="SeleniumLibrary">
<arg>id=company</arg>
<arg>Prime Control</arg>
<doc>Types the given ``text`` into the text field identified by ``locator``.</doc>
<msg timestamp="20211022 14:36:58.606" level="INFO">Typing text 'Prime Control' into text field 'id=company'.</msg>
<status status="PASS" starttime="20211022 14:36:58.606" endtime="20211022 14:36:58.768"/>
</kw>
<kw name="Input Text" library="SeleniumLibrary">
<arg>id=address1</arg>
<arg>100 Congress Ave, Austin, TX 78701</arg>
<doc>Types the given ``text`` into the text field identified by ``locator``.</doc>
<msg timestamp="20211022 14:36:58.770" level="INFO">Typing text '100 Congress Ave, Austin, TX 78701' into text field 'id=address1'.</msg>
<status status="PASS" starttime="20211022 14:36:58.769" endtime="20211022 14:36:58.981"/>
</kw>
<kw name="Input Text" library="SeleniumLibrary">
<arg>id=address2</arg>
<arg>12396 Grant St, Thornton, CO 80241, Estados Unidos</arg>
<doc>Types the given ``text`` into the text field identified by ``locator``.</doc>
<msg timestamp="20211022 14:36:58.982" level="INFO">Typing text '12396 Grant St, Thornton, CO 80241, Estados Unidos' into text field 'id=address2'.</msg>
<status status="PASS" starttime="20211022 14:36:58.981" endtime="20211022 14:36:59.239"/>
</kw>
<kw name="Input Text" library="SeleniumLibrary">
<arg>id=city</arg>
<arg>Estados Unidos</arg>
<doc>Types the given ``text`` into the text field identified by ``locator``.</doc>
<msg timestamp="20211022 14:36:59.240" level="INFO">Typing text 'Estados Unidos' into text field 'id=city'.</msg>
<status status="PASS" starttime="20211022 14:36:59.239" endtime="20211022 14:36:59.391"/>
</kw>
<kw name="Click Element" library="SeleniumLibrary">
<arg>id=id_state</arg>
<doc>Click the element identified by ``locator``.</doc>
<msg timestamp="20211022 14:36:59.392" level="INFO">Clicking element 'id=id_state'.</msg>
<status status="PASS" starttime="20211022 14:36:59.391" endtime="20211022 14:36:59.511"/>
</kw>
<kw name="Click Element" library="SeleniumLibrary">
<arg>xpath=//option[contains(text(), 'Washington')]</arg>
<doc>Click the element identified by ``locator``.</doc>
<msg timestamp="20211022 14:36:59.512" level="INFO">Clicking element 'xpath=//option[contains(text(), 'Washington')]'.</msg>
<status status="PASS" starttime="20211022 14:36:59.512" endtime="20211022 14:36:59.856"/>
</kw>
<kw name="Input Text" library="SeleniumLibrary">
<arg>id=postcode</arg>
<arg>80241</arg>
<doc>Types the given ``text`` into the text field identified by ``locator``.</doc>
<msg timestamp="20211022 14:36:59.857" level="INFO">Typing text '80241' into text field 'id=postcode'.</msg>
<status status="PASS" starttime="20211022 14:36:59.857" endtime="20211022 14:37:00.230"/>
</kw>
<kw name="Input Text" library="SeleniumLibrary">
<arg>id=other</arg>
<arg>born October 16, 1977, Bridgeport, Connecticut, U.S.</arg>
<doc>Types the given ``text`` into the text field identified by ``locator``.</doc>
<msg timestamp="20211022 14:37:00.231" level="INFO">Typing text 'born October 16, 1977, Bridgeport, Connecticut, U.S.' into text field 'id=other'.</msg>
<status status="PASS" starttime="20211022 14:37:00.230" endtime="20211022 14:37:00.484"/>
</kw>
<kw name="Input Text" library="SeleniumLibrary">
<arg>id=phone</arg>
<arg>+12125650000</arg>
<doc>Types the given ``text`` into the text field identified by ``locator``.</doc>
<msg timestamp="20211022 14:37:00.485" level="INFO">Typing text '+12125650000' into text field 'id=phone'.</msg>
<status status="PASS" starttime="20211022 14:37:00.484" endtime="20211022 14:37:00.632"/>
</kw>
<kw name="Input Text" library="SeleniumLibrary">
<arg>id=phone_mobile</arg>
<arg>(808) 266-1222</arg>
<doc>Types the given ``text`` into the text field identified by ``locator``.</doc>
<msg timestamp="20211022 14:37:00.633" level="INFO">Typing text '(808) 266-1222' into text field 'id=phone_mobile'.</msg>
<status status="PASS" starttime="20211022 14:37:00.632" endtime="20211022 14:37:00.803"/>
</kw>
<kw name="Input Text" library="SeleniumLibrary">
<arg>id=alias</arg>
<arg>Nova Iorque, Nova York, EUA</arg>
<doc>Types the given ``text`` into the text field identified by ``locator``.</doc>
<msg timestamp="20211022 14:37:00.804" level="INFO">Typing text 'Nova Iorque, Nova York, EUA' into text field 'id=alias'.</msg>
<status status="PASS" starttime="20211022 14:37:00.803" endtime="20211022 14:37:01.013"/>
</kw>
<status status="PASS" starttime="20211022 14:36:54.408" endtime="20211022 14:37:01.013"/>
</kw>
<kw name="Submeter cadastro" library="kws_webautomation">
<kw name="Click Button" library="SeleniumLibrary">
<arg>id=submitAccount</arg>
<doc>Clicks the button identified by ``locator``.</doc>
<msg timestamp="20211022 14:37:01.015" level="INFO">Clicking button 'id=submitAccount'.</msg>
<status status="PASS" starttime="20211022 14:37:01.014" endtime="20211022 14:37:03.677"/>
</kw>
<status status="PASS" starttime="20211022 14:37:01.014" endtime="20211022 14:37:03.678"/>
</kw>
<kw name="Conferir se o cadastro foi efetuado com sucesso" library="kws_webautomation">
<kw name="Run Keyword And Return Status" library="BuiltIn">
<var>${check_element}</var>
<arg>Wait Until Page Contains Element</arg>
<arg>xpath=//div[@class='header_user_info']</arg>
<arg>10s</arg>
<doc>Runs the given keyword with given arguments and returns the status as a Boolean value.</doc>
<kw name="Wait Until Page Contains Element" library="SeleniumLibrary">
<arg>xpath=//div[@class='header_user_info']</arg>
<arg>10s</arg>
<doc>Waits until the element ``locator`` appears on the current page.</doc>
<status status="PASS" starttime="20211022 14:37:03.680" endtime="20211022 14:37:03.702"/>
</kw>
<msg timestamp="20211022 14:37:03.702" level="INFO">${check_element} = True</msg>
<status status="PASS" starttime="20211022 14:37:03.679" endtime="20211022 14:37:03.702"/>
</kw>
<kw name="Run Keyword If" library="BuiltIn">
<arg>'${check_element}' == 'True'</arg>
<arg>Wait Until Element Is Visible</arg>
<arg>xpath=//div[@class='header_user_info']</arg>
<doc>Runs the given keyword with the given arguments, if ``condition`` is true.</doc>
<kw name="Wait Until Element Is Visible" library="SeleniumLibrary">
<arg>xpath=//div[@class='header_user_info']</arg>
<doc>Waits until the element ``locator`` is visible.</doc>
<status status="PASS" starttime="20211022 14:37:03.703" endtime="20211022 14:37:03.730"/>
</kw>
<status status="PASS" starttime="20211022 14:37:03.703" endtime="20211022 14:37:03.730"/>
</kw>
<kw name="Get Text" library="SeleniumLibrary">
<var>${USER}</var>
<arg>xpath=//div[@class='header_user_info']//span[contains(text(),'John Mayer')]</arg>
<doc>Returns the text value of the element identified by ``locator``.</doc>
<msg timestamp="20211022 14:37:03.766" level="INFO">${USER} = John Mayer</msg>
<status status="PASS" starttime="20211022 14:37:03.730" endtime="20211022 14:37:03.766"/>
</kw>
<kw name="Run Keyword And Return Status" library="BuiltIn">
<var>${check_element}</var>
<arg>Wait Until Page Contains Element</arg>
<arg>xpath=//div[@class='header_user_info']</arg>
<arg>10s</arg>
<doc>Runs the given keyword with given arguments and returns the status as a Boolean value.</doc>
<kw name="Wait Until Page Contains Element" library="SeleniumLibrary">
<arg>xpath=//div[@class='header_user_info']</arg>
<arg>10s</arg>
<doc>Waits until the element ``locator`` appears on the current page.</doc>
<status status="PASS" starttime="20211022 14:37:03.766" endtime="20211022 14:37:03.775"/>
</kw>
<msg timestamp="20211022 14:37:03.775" level="INFO">${check_element} = True</msg>
<status status="PASS" starttime="20211022 14:37:03.766" endtime="20211022 14:37:03.775"/>
</kw>
<kw name="Run Keyword If" library="BuiltIn">
<arg>'${check_element}' == 'True'</arg>
<arg>Should Be Equal</arg>
<arg>John Mayer</arg>
<arg>${USER}</arg>
<doc>Runs the given keyword with the given arguments, if ``condition`` is true.</doc>
<kw name="Should Be Equal" library="BuiltIn">
<arg>John Mayer</arg>
<arg>${USER}</arg>
<doc>Fails if the given objects are unequal.</doc>
<status status="PASS" starttime="20211022 14:37:03.776" endtime="20211022 14:37:03.777"/>
</kw>
<status status="PASS" starttime="20211022 14:37:03.775" endtime="20211022 14:37:03.777"/>
</kw>
<status status="PASS" starttime="20211022 14:37:03.678" endtime="20211022 14:37:03.777"/>
</kw>
<kw name="Fechar navegador" library="kws_webautomation" type="TEARDOWN">
<kw name="Capture Page Screenshot" library="SeleniumLibrary">
<doc>Takes a screenshot of the current page and embeds it into a log file.</doc>
<msg timestamp="20211022 14:37:04.025" level="INFO" html="true">&lt;/td&gt;&lt;/tr&gt;&lt;tr&gt;&lt;td colspan="3"&gt;&lt;a href="selenium-screenshot-5.png"&gt;&lt;img src="selenium-screenshot-5.png" width="800px"&gt;&lt;/a&gt;</msg>
<status status="PASS" starttime="20211022 14:37:03.778" endtime="20211022 14:37:04.025"/>
</kw>
<kw name="Close Browser" library="SeleniumLibrary">
<doc>Closes the current browser.</doc>
<status status="PASS" starttime="20211022 14:37:04.025" endtime="20211022 14:37:04.129"/>
</kw>
<status status="PASS" starttime="20211022 14:37:03.778" endtime="20211022 14:37:04.130"/>
</kw>
<tag>ADICIONAR_CLIENTE</tag>
<status status="PASS" starttime="20211022 14:36:47.221" endtime="20211022 14:37:04.130"/>
</test>
<status status="PASS" starttime="20211022 14:36:12.497" endtime="20211022 14:37:04.134"/>
</suite>
<statistics>
<total>
<stat pass="4" fail="0" skip="0">All Tests</stat>
</total>
<tag>
<stat pass="1" fail="0" skip="0">ADICIONAR_CLIENTE</stat>
<stat pass="1" fail="0" skip="0">LISTAR_PRODUTOS</stat>
<stat pass="1" fail="0" skip="0">PRODUTO_EXISTENTE</stat>
<stat pass="1" fail="0" skip="0">PRODUTO_INEXISTENTE</stat>
</tag>
<suite>
<stat pass="4" fail="0" skip="0" id="s1" name="Webautomation">Webautomation</stat>
</suite>
</statistics>
<errors>
</errors>
</robot>
