<?xml version="1.0" encoding="UTF-8"?>
<robot generator="Robot 4.1 (Python 3.9.6 on darwin)" generated="20211028 10:33:08.674" rpa="false" schemaversion="2">
<suite id="s1" name="Webautomation" source="/Users/maicmiller/Documents/GitHub/WebAutomation-PrimeHero/tests/webautomation.robot">
<test id="s1-t1" name="Caso de teste 04: Adicionar Cliente">
<kw name="Abrir navegador" library="hooks" type="SETUP">
<kw name="Open Browser" library="SeleniumLibrary">
<arg>${URL}</arg>
<arg>${BROWSER}</arg>
<doc>Opens a new browser instance to the optional ``url``.</doc>
<msg timestamp="20211028 10:33:09.100" level="INFO">Opening browser 'chrome' to base url 'http://automationpractice.com/'.</msg>
<status status="PASS" starttime="20211028 10:33:09.099" endtime="20211028 10:33:29.924"/>
</kw>
<kw name="Maximize Browser Window" library="SeleniumLibrary">
<doc>Maximizes current browser window.</doc>
<status status="PASS" starttime="20211028 10:33:29.924" endtime="20211028 10:33:30.180"/>
</kw>
<status status="PASS" starttime="20211028 10:33:09.098" endtime="20211028 10:33:30.180"/>
</kw>
<kw name="Acessar a página home do site Automation Practice" library="kws_web">
<kw name="Go To" library="SeleniumLibrary">
<arg>${URL}</arg>
<doc>Navigates the current browser window to the provided ``url``.</doc>
<msg timestamp="20211028 10:33:30.182" level="INFO">Opening url 'http://automationpractice.com/'</msg>
<status status="PASS" starttime="20211028 10:33:30.182" endtime="20211028 10:33:46.103"/>
</kw>
<kw name="Run Keyword And Return Status" library="BuiltIn">
<var>${check_element}</var>
<arg>Wait Until Page Contains Element</arg>
<arg>${HOME.TITLE_PAGE_HOME}</arg>
<arg>10s</arg>
<doc>Runs the given keyword with given arguments and returns the status as a Boolean value.</doc>
<kw name="Wait Until Page Contains Element" library="SeleniumLibrary">
<arg>${HOME.TITLE_PAGE_HOME}</arg>
<arg>10s</arg>
<doc>Waits until the element ``locator`` appears on the current page.</doc>
<kw name="Capture Page Screenshot" library="SeleniumLibrary">
<doc>Takes a screenshot of the current page and embeds it into a log file.</doc>
<msg timestamp="20211028 10:33:56.606" level="INFO" html="true">&lt;/td&gt;&lt;/tr&gt;&lt;tr&gt;&lt;td colspan="3"&gt;&lt;a href="selenium-screenshot-1.png"&gt;&lt;img src="selenium-screenshot-1.png" width="800px"&gt;&lt;/a&gt;</msg>
<status status="PASS" starttime="20211028 10:33:56.199" endtime="20211028 10:33:56.606"/>
</kw>
<msg timestamp="20211028 10:33:56.614" level="FAIL">Element 'My Store' did not appear in 10 seconds.</msg>
<status status="FAIL" starttime="20211028 10:33:46.104" endtime="20211028 10:33:56.614"/>
</kw>
<msg timestamp="20211028 10:33:56.614" level="INFO">${check_element} = False</msg>
<status status="PASS" starttime="20211028 10:33:46.103" endtime="20211028 10:33:56.614"/>
</kw>
<kw name="Run Keyword If" library="BuiltIn">
<arg>'${check_element}' == 'True'</arg>
<arg>Wait Until Element Is Visible</arg>
<arg>${HOME.CATEGORY_MENU_OPTIONS}</arg>
<doc>Runs the given keyword with the given arguments, if ``condition`` is true.</doc>
<status status="PASS" starttime="20211028 10:33:56.614" endtime="20211028 10:33:56.615"/>
</kw>
<kw name="Title Should Be" library="SeleniumLibrary">
<arg>${HOME.TITLE_PAGE_HOME}</arg>
<doc>Verifies that the current page title equals ``title``.</doc>
<msg timestamp="20211028 10:33:56.622" level="INFO">Page title is 'My Store'.</msg>
<status status="PASS" starttime="20211028 10:33:56.615" endtime="20211028 10:33:56.622"/>
</kw>
<status status="PASS" starttime="20211028 10:33:30.181" endtime="20211028 10:33:56.622"/>
</kw>
<kw name="Clicar em &quot;Sign in&quot;" library="kws_web">
<kw name="Click Element" library="SeleniumLibrary">
<arg>${USER.SIGN_ELEMENT}</arg>
<doc>Click the element identified by ``locator``.</doc>
<msg timestamp="20211028 10:33:56.625" level="INFO">Clicking element 'xpath=//*[@class='nav']//*[@class='login']'.</msg>
<status status="PASS" starttime="20211028 10:33:56.623" endtime="20211028 10:34:12.003"/>
</kw>
<status status="PASS" starttime="20211028 10:33:56.623" endtime="20211028 10:34:12.004"/>
</kw>
<kw name="informar um e-mail válido" library="kws_web">
<kw name="Run Keyword And Return Status" library="BuiltIn">
<var>${check_element}</var>
<arg>Wait Until Page Contains Element</arg>
<arg>${USER.FORM_ACCOUNT}</arg>
<arg>10s</arg>
<doc>Runs the given keyword with given arguments and returns the status as a Boolean value.</doc>
<kw name="Wait Until Page Contains Element" library="SeleniumLibrary">
<arg>${USER.FORM_ACCOUNT}</arg>
<arg>10s</arg>
<doc>Waits until the element ``locator`` appears on the current page.</doc>
<status status="PASS" starttime="20211028 10:34:12.007" endtime="20211028 10:34:12.044"/>
</kw>
<msg timestamp="20211028 10:34:12.044" level="INFO">${check_element} = True</msg>
<status status="PASS" starttime="20211028 10:34:12.006" endtime="20211028 10:34:12.045"/>
</kw>
<kw name="Run Keyword If" library="BuiltIn">
<arg>'${check_element}' == 'True'</arg>
<arg>Wait until Element is Visible</arg>
<arg>${USER.FORM_ACCOUNT}</arg>
<doc>Runs the given keyword with the given arguments, if ``condition`` is true.</doc>
<kw name="Wait Until Element Is Visible" library="SeleniumLibrary">
<arg>${USER.FORM_ACCOUNT}</arg>
<doc>Waits until the element ``locator`` is visible.</doc>
<status status="PASS" starttime="20211028 10:34:12.046" endtime="20211028 10:34:12.078"/>
</kw>
<status status="PASS" starttime="20211028 10:34:12.045" endtime="20211028 10:34:12.078"/>
</kw>
<kw name="Wait Until Element Is Visible" library="SeleniumLibrary">
<arg>${USER.FORM_ACCOUNT}</arg>
<doc>Waits until the element ``locator`` is visible.</doc>
<status status="PASS" starttime="20211028 10:34:12.079" endtime="20211028 10:34:12.106"/>
</kw>
<kw name="Input Text" library="SeleniumLibrary">
<arg>${USER.ID_INPUT_EMAIL}</arg>
<arg>${USER.EMAIL}</arg>
<doc>Types the given ``text`` into the text field identified by ``locator``.</doc>
<msg timestamp="20211028 10:34:12.108" level="INFO">Typing text 'johnmayerContinum1992@fender.com' into text field 'id=email_create'.</msg>
<status status="PASS" starttime="20211028 10:34:12.106" endtime="20211028 10:34:12.356"/>
</kw>
<status status="PASS" starttime="20211028 10:34:12.004" endtime="20211028 10:34:12.356"/>
</kw>
<kw name="Clicar em &quot;Create an account&quot;" library="kws_web">
<kw name="Click Button" library="SeleniumLibrary">
<arg>${USER.SUBMIT_EMAIL}</arg>
<doc>Clicks the button identified by ``locator``.</doc>
<msg timestamp="20211028 10:34:12.361" level="INFO">Clicking button 'id=SubmitCreate'.</msg>
<status status="PASS" starttime="20211028 10:34:12.358" endtime="20211028 10:34:12.484"/>
</kw>
<status status="PASS" starttime="20211028 10:34:12.357" endtime="20211028 10:34:12.485"/>
</kw>
<kw name="Preencher os dados obrigatórios" library="kws_web">
<kw name="Run Keyword And Return Status" library="BuiltIn">
<var>${check_element}</var>
<arg>Wait Until Page Contains Element</arg>
<arg>${USER.CHECK_FORM}</arg>
<arg>10s</arg>
<doc>Runs the given keyword with given arguments and returns the status as a Boolean value.</doc>
<kw name="Wait Until Page Contains Element" library="SeleniumLibrary">
<arg>${USER.CHECK_FORM}</arg>
<arg>10s</arg>
<doc>Waits until the element ``locator`` appears on the current page.</doc>
<status status="PASS" starttime="20211028 10:34:12.486" endtime="20211028 10:34:21.313"/>
</kw>
<msg timestamp="20211028 10:34:21.313" level="INFO">${check_element} = True</msg>
<status status="PASS" starttime="20211028 10:34:12.486" endtime="20211028 10:34:21.313"/>
</kw>
<kw name="Run Keyword If" library="BuiltIn">
<arg>'${check_element}' == 'True'</arg>
<arg>Click Element</arg>
<arg>id=id_gender1</arg>
<doc>Runs the given keyword with the given arguments, if ``condition`` is true.</doc>
<kw name="Click Element" library="SeleniumLibrary">
<arg>id=id_gender1</arg>
<doc>Click the element identified by ``locator``.</doc>
<msg timestamp="20211028 10:34:21.315" level="INFO">Clicking element 'id=id_gender1'.</msg>
<status status="PASS" starttime="20211028 10:34:21.315" endtime="20211028 10:34:21.390"/>
</kw>
<status status="PASS" starttime="20211028 10:34:21.314" endtime="20211028 10:34:21.390"/>
</kw>
<kw name="Input Text" library="SeleniumLibrary">
<arg>${USER.PATH_FIRST_NAME}</arg>
<arg>${USER.FIRST_NAME}</arg>
<doc>Types the given ``text`` into the text field identified by ``locator``.</doc>
<msg timestamp="20211028 10:34:21.395" level="INFO">Typing text 'John' into text field 'xpath=//*[@id='customer_firstname']'.</msg>
<status status="PASS" starttime="20211028 10:34:21.391" endtime="20211028 10:34:21.549"/>
</kw>
<kw name="Input Text" library="SeleniumLibrary">
<arg>${USER.PATH_LAST_NAME}</arg>
<arg>${USER.LAST_NAME}</arg>
<doc>Types the given ``text`` into the text field identified by ``locator``.</doc>
<msg timestamp="20211028 10:34:21.551" level="INFO">Typing text 'Mayer' into text field 'xpath=//*[@id='customer_lastname']'.</msg>
<status status="PASS" starttime="20211028 10:34:21.549" endtime="20211028 10:34:21.708"/>
</kw>
<kw name="Input Text" library="SeleniumLibrary">
<arg>${USER.PATH_PASS}</arg>
<arg>${USER.PASSWORD}</arg>
<doc>Types the given ``text`` into the text field identified by ``locator``.</doc>
<msg timestamp="20211028 10:34:21.713" level="INFO">Typing text '0o9i8u7y' into text field 'xpath=//*[@id='passwd']'.</msg>
<status status="PASS" starttime="20211028 10:34:21.708" endtime="20211028 10:34:21.882"/>
</kw>
<kw name="Click Element" library="SeleniumLibrary">
<arg>${USER.CLICK_DATE}</arg>
<doc>Click the element identified by ``locator``.</doc>
<msg timestamp="20211028 10:34:21.885" level="INFO">Clicking element 'id=days'.</msg>
<status status="PASS" starttime="20211028 10:34:21.882" endtime="20211028 10:34:22.106"/>
</kw>
<kw name="Click Element" library="SeleniumLibrary">
<arg>${USER.BIRTH_DAY}</arg>
<doc>Click the element identified by ``locator``.</doc>
<msg timestamp="20211028 10:34:22.108" level="INFO">Clicking element 'xpath=//option[contains(text(), '16')]'.</msg>
<status status="PASS" starttime="20211028 10:34:22.107" endtime="20211028 10:34:22.470"/>
</kw>
<kw name="Click Element" library="SeleniumLibrary">
<arg>${USER.BIRTH_MONTHS_CLICK}</arg>
<doc>Click the element identified by ``locator``.</doc>
<msg timestamp="20211028 10:34:22.472" level="INFO">Clicking element 'id=months'.</msg>
<status status="PASS" starttime="20211028 10:34:22.470" endtime="20211028 10:34:22.821"/>
</kw>
<kw name="Click Element" library="SeleniumLibrary">
<arg>${USER.BIRTH_MONTHS}</arg>
<doc>Click the element identified by ``locator``.</doc>
<msg timestamp="20211028 10:34:22.823" level="INFO">Clicking element 'xpath=//option[contains(text(), 'October')]'.</msg>
<status status="PASS" starttime="20211028 10:34:22.821" endtime="20211028 10:34:23.151"/>
</kw>
<kw name="Click Element" library="SeleniumLibrary">
<arg>${USER.BIRTH_YEARS_CLICK}</arg>
<doc>Click the element identified by ``locator``.</doc>
<msg timestamp="20211028 10:34:23.153" level="INFO">Clicking element 'id=years'.</msg>
<status status="PASS" starttime="20211028 10:34:23.152" endtime="20211028 10:34:23.519"/>
</kw>
<kw name="Click Element" library="SeleniumLibrary">
<arg>${USER.BIRTH_YEARS}</arg>
<doc>Click the element identified by ``locator``.</doc>
<msg timestamp="20211028 10:34:23.522" level="INFO">Clicking element 'xpath=//option[contains(text(), '1977')]'.</msg>
<status status="PASS" starttime="20211028 10:34:23.520" endtime="20211028 10:34:23.885"/>
</kw>
<kw name="Click Element" library="SeleniumLibrary">
<arg>${USER.NEWSLETTER}</arg>
<doc>Click the element identified by ``locator``.</doc>
<msg timestamp="20211028 10:34:23.887" level="INFO">Clicking element 'id=newsletter'.</msg>
<status status="PASS" starttime="20211028 10:34:23.885" endtime="20211028 10:34:24.205"/>
</kw>
<kw name="Click Element" library="SeleniumLibrary">
<arg>${USER.OFFERS}</arg>
<doc>Click the element identified by ``locator``.</doc>
<msg timestamp="20211028 10:34:24.207" level="INFO">Clicking element 'id=optin'.</msg>
<status status="PASS" starttime="20211028 10:34:24.206" endtime="20211028 10:34:24.279"/>
</kw>
<kw name="Input Text" library="SeleniumLibrary">
<arg>${USER.COMPANY_ID}</arg>
<arg>${USER.COMPANY}</arg>
<doc>Types the given ``text`` into the text field identified by ``locator``.</doc>
<msg timestamp="20211028 10:34:24.283" level="INFO">Typing text 'Prime Control' into text field 'id=company'.</msg>
<status status="PASS" starttime="20211028 10:34:24.280" endtime="20211028 10:34:24.483"/>
</kw>
<kw name="Input Text" library="SeleniumLibrary">
<arg>${USER.ADDRESS1_ID}</arg>
<arg>${USER.ADDRESS_1}</arg>
<doc>Types the given ``text`` into the text field identified by ``locator``.</doc>
<msg timestamp="20211028 10:34:24.486" level="INFO">Typing text '100 Congress Ave, Austin, TX 78701' into text field 'id=address1'.</msg>
<status status="PASS" starttime="20211028 10:34:24.484" endtime="20211028 10:34:24.683"/>
</kw>
<kw name="Input Text" library="SeleniumLibrary">
<arg>${USER.ADDRESS2_ID}</arg>
<arg>${USER.ADDRESS_2}</arg>
<doc>Types the given ``text`` into the text field identified by ``locator``.</doc>
<msg timestamp="20211028 10:34:24.688" level="INFO">Typing text '12396 Grant St, Thornton, CO 80241, Estados Unidos' into text field 'id=address2'.</msg>
<status status="PASS" starttime="20211028 10:34:24.684" endtime="20211028 10:34:24.933"/>
</kw>
<kw name="Input Text" library="SeleniumLibrary">
<arg>${USER.CITY_ID}</arg>
<arg>${USER.CITY}</arg>
<doc>Types the given ``text`` into the text field identified by ``locator``.</doc>
<msg timestamp="20211028 10:34:24.937" level="INFO">Typing text 'Estados Unidos' into text field 'id=city'.</msg>
<status status="PASS" starttime="20211028 10:34:24.933" endtime="20211028 10:34:25.101"/>
</kw>
<kw name="Click Element" library="SeleniumLibrary">
<arg>${USER.STATE_CLICK}</arg>
<doc>Click the element identified by ``locator``.</doc>
<msg timestamp="20211028 10:34:25.104" level="INFO">Clicking element 'id=id_state'.</msg>
<status status="PASS" starttime="20211028 10:34:25.102" endtime="20211028 10:34:25.247"/>
</kw>
<kw name="Click Element" library="SeleniumLibrary">
<arg>${USER.STATE}</arg>
<doc>Click the element identified by ``locator``.</doc>
<msg timestamp="20211028 10:34:25.248" level="INFO">Clicking element 'xpath=//option[contains(text(), 'Washington')]'.</msg>
<status status="PASS" starttime="20211028 10:34:25.247" endtime="20211028 10:34:25.609"/>
</kw>
<kw name="Input Text" library="SeleniumLibrary">
<arg>${USER.POSTCODE_ID}</arg>
<arg>${USER.POSTCODE}</arg>
<doc>Types the given ``text`` into the text field identified by ``locator``.</doc>
<msg timestamp="20211028 10:34:25.611" level="INFO">Typing text '80241' into text field 'id=postcode'.</msg>
<status status="PASS" starttime="20211028 10:34:25.609" endtime="20211028 10:34:25.996"/>
</kw>
<kw name="Input Text" library="SeleniumLibrary">
<arg>${USER.ADDITIONAL_INFORMATION}</arg>
<arg>${USER.OTHER}</arg>
<doc>Types the given ``text`` into the text field identified by ``locator``.</doc>
<msg timestamp="20211028 10:34:26.000" level="INFO">Typing text 'born October 16, 1977, Bridgeport, Connecticut, U.S.' into text field 'id=other'.</msg>
<status status="PASS" starttime="20211028 10:34:25.997" endtime="20211028 10:34:26.254"/>
</kw>
<kw name="Input Text" library="SeleniumLibrary">
<arg>${USER.PHONE_ID}</arg>
<arg>${USER.PHONE}</arg>
<doc>Types the given ``text`` into the text field identified by ``locator``.</doc>
<msg timestamp="20211028 10:34:26.257" level="INFO">Typing text '+12125650000' into text field 'id=phone'.</msg>
<status status="PASS" starttime="20211028 10:34:26.255" endtime="20211028 10:34:26.403"/>
</kw>
<kw name="Input Text" library="SeleniumLibrary">
<arg>${USER.PHONE_MOBILE_ID}</arg>
<arg>${USER.PHONE_MOBILE}</arg>
<doc>Types the given ``text`` into the text field identified by ``locator``.</doc>
<msg timestamp="20211028 10:34:26.406" level="INFO">Typing text '(808) 266-1222' into text field 'id=phone_mobile'.</msg>
<status status="PASS" starttime="20211028 10:34:26.403" endtime="20211028 10:34:26.562"/>
</kw>
<kw name="Input Text" library="SeleniumLibrary">
<arg>${USER.ALIAS_ID}</arg>
<arg>${USER.ID_ALIAS}</arg>
<doc>Types the given ``text`` into the text field identified by ``locator``.</doc>
<msg timestamp="20211028 10:34:26.565" level="INFO">Typing text 'Nova Iorque, Nova York, EUA' into text field 'id=alias'.</msg>
<status status="PASS" starttime="20211028 10:34:26.562" endtime="20211028 10:34:26.791"/>
</kw>
<status status="PASS" starttime="20211028 10:34:12.485" endtime="20211028 10:34:26.791"/>
</kw>
<kw name="Submeter cadastro" library="kws_web">
<kw name="Click Button" library="SeleniumLibrary">
<arg>${USER.SUBMMIT_ID}</arg>
<doc>Clicks the button identified by ``locator``.</doc>
<msg timestamp="20211028 10:34:26.794" level="INFO">Clicking button 'id=submitAccount'.</msg>
<status status="PASS" starttime="20211028 10:34:26.792" endtime="20211028 10:34:43.282"/>
</kw>
<status status="PASS" starttime="20211028 10:34:26.791" endtime="20211028 10:34:43.282"/>
</kw>
<kw name="Conferir se o cadastro foi efetuado com sucesso" library="kws_web">
<kw name="Run Keyword And Return Status" library="BuiltIn">
<var>${check_element}</var>
<arg>Wait Until Page Contains Element</arg>
<arg>${USER.HEADER}</arg>
<arg>10s</arg>
<doc>Runs the given keyword with given arguments and returns the status as a Boolean value.</doc>
<kw name="Wait Until Page Contains Element" library="SeleniumLibrary">
<arg>${USER.HEADER}</arg>
<arg>10s</arg>
<doc>Waits until the element ``locator`` appears on the current page.</doc>
<status status="PASS" starttime="20211028 10:34:43.284" endtime="20211028 10:34:43.311"/>
</kw>
<msg timestamp="20211028 10:34:43.311" level="INFO">${check_element} = True</msg>
<status status="PASS" starttime="20211028 10:34:43.283" endtime="20211028 10:34:43.311"/>
</kw>
<kw name="Run Keyword If" library="BuiltIn">
<arg>'${check_element}' == 'True'</arg>
<arg>Wait Until Element Is Visible</arg>
<arg>${USER.HEADER}</arg>
<doc>Runs the given keyword with the given arguments, if ``condition`` is true.</doc>
<kw name="Wait Until Element Is Visible" library="SeleniumLibrary">
<arg>${USER.HEADER}</arg>
<doc>Waits until the element ``locator`` is visible.</doc>
<status status="PASS" starttime="20211028 10:34:43.313" endtime="20211028 10:34:43.363"/>
</kw>
<status status="PASS" starttime="20211028 10:34:43.312" endtime="20211028 10:34:43.363"/>
</kw>
<kw name="Get Text" library="SeleniumLibrary">
<var>${USER}</var>
<arg>${USER.DISPLAY}</arg>
<doc>Returns the text value of the element identified by ``locator``.</doc>
<msg timestamp="20211028 10:34:43.409" level="INFO">${USER} = John Mayer</msg>
<status status="PASS" starttime="20211028 10:34:43.364" endtime="20211028 10:34:43.409"/>
</kw>
<kw name="Run Keyword And Return Status" library="BuiltIn">
<var>${check_element}</var>
<arg>Wait Until Page Contains Element</arg>
<arg>${USER.HEADER}</arg>
<arg>10s</arg>
<doc>Runs the given keyword with given arguments and returns the status as a Boolean value.</doc>
<kw name="Wait Until Page Contains Element" library="SeleniumLibrary">
<arg>${USER.HEADER}</arg>
<arg>10s</arg>
<doc>Waits until the element ``locator`` appears on the current page.</doc>
<msg timestamp="20211028 10:34:43.413" level="FAIL">Resolving variable '${USER.HEADER}' failed: AttributeError: 'str' object has no attribute 'HEADER'</msg>
<status status="FAIL" starttime="20211028 10:34:43.411" endtime="20211028 10:34:43.414"/>
</kw>
<msg timestamp="20211028 10:34:43.414" level="INFO">${check_element} = False</msg>
<status status="PASS" starttime="20211028 10:34:43.410" endtime="20211028 10:34:43.414"/>
</kw>
<kw name="Run Keyword If" library="BuiltIn">
<arg>'${check_element}' == 'True'</arg>
<arg>Should Be Equal</arg>
<arg>John Mayer</arg>
<arg>${USER}</arg>
<doc>Runs the given keyword with the given arguments, if ``condition`` is true.</doc>
<status status="PASS" starttime="20211028 10:34:43.414" endtime="20211028 10:34:43.415"/>
</kw>
<kw name="Click Element" library="SeleniumLibrary">
<arg>${USER_AUTH.BACK_TO_HOME}</arg>
<doc>Click the element identified by ``locator``.</doc>
<msg timestamp="20211028 10:34:43.416" level="INFO">Clicking element '//*[@class='icon-chevron-left']'.</msg>
<status status="PASS" starttime="20211028 10:34:43.415" endtime="20211028 10:35:00.411"/>
</kw>
<status status="PASS" starttime="20211028 10:34:43.283" endtime="20211028 10:35:00.412"/>
</kw>
<kw name="Fechar navegador" library="hooks" type="TEARDOWN">
<kw name="Capture Page Screenshot" library="SeleniumLibrary">
<doc>Takes a screenshot of the current page and embeds it into a log file.</doc>
<msg timestamp="20211028 10:35:00.966" level="INFO" html="true">&lt;/td&gt;&lt;/tr&gt;&lt;tr&gt;&lt;td colspan="3"&gt;&lt;a href="selenium-screenshot-2.png"&gt;&lt;img src="selenium-screenshot-2.png" width="800px"&gt;&lt;/a&gt;</msg>
<status status="PASS" starttime="20211028 10:35:00.414" endtime="20211028 10:35:00.966"/>
</kw>
<kw name="Close Browser" library="SeleniumLibrary">
<doc>Closes the current browser.</doc>
<status status="PASS" starttime="20211028 10:35:00.966" endtime="20211028 10:35:01.295"/>
</kw>
<status status="PASS" starttime="20211028 10:35:00.413" endtime="20211028 10:35:01.295"/>
</kw>
<tag>ADD_CLIENT</tag>
<status status="PASS" starttime="20211028 10:33:09.095" endtime="20211028 10:35:01.297"/>
</test>
<doc>Aqui consta todos os cenários de testes web.</doc>
<status status="PASS" starttime="20211028 10:33:08.676" endtime="20211028 10:35:01.302"/>
</suite>
<statistics>
<total>
<stat pass="1" fail="0" skip="0">All Tests</stat>
</total>
<tag>
<stat pass="1" fail="0" skip="0">ADD_CLIENT</stat>
</tag>
<suite>
<stat pass="1" fail="0" skip="0" id="s1" name="Webautomation">Webautomation</stat>
</suite>
</statistics>
<errors>
</errors>
</robot>
